GAS LISTING /var/folders/rt/4gvqv631095f64jvm7jfj_000000gn/T//ccJ6KNzi.s 			page 1


   1              		.file	"eclicw.c"
   2              		.option nopic
   3              		.attribute arch, "rv32i2p0_m2p0_a2p0_c2p0"
   4              		.attribute unaligned_access, 0
   5              		.attribute stack_align, 16
   6              		.text
   7              	.Ltext0:
   8              		.cfi_sections	.debug_frame
   9              		.section	.text.eclicw_enable,"ax",@progbits
  10              		.align	1
  11              		.globl	eclicw_enable
  13              	eclicw_enable:
  14              	.LFB2:
  15              		.file 1 "lib/eclicw/src/eclicw.c"
   1:lib/eclicw/src/eclicw.c **** #include <stdlib.h>
   2:lib/eclicw/src/eclicw.c **** #include "eclicw.h"
   3:lib/eclicw/src/eclicw.c **** #include "gd32vf103.h"
   4:lib/eclicw/src/eclicw.c **** 
   5:lib/eclicw/src/eclicw.c **** typedef void (*isr_t)(void);
   6:lib/eclicw/src/eclicw.c **** static isr_t *jtbl;
   7:lib/eclicw/src/eclicw.c **** static uint32_t max_irqn=0;
   8:lib/eclicw/src/eclicw.c **** 
   9:lib/eclicw/src/eclicw.c **** void eclicw_enable(int irqn, int level, int priority, void (*pISR)(void)){
  16              		.loc 1 9 74
  17              		.cfi_startproc
  18              	.LVL0:
  10:lib/eclicw/src/eclicw.c **** 
  11:lib/eclicw/src/eclicw.c ****    if (!max_irqn) {                             // Init Int vector table if not done!
  19              		.loc 1 11 4
   9:lib/eclicw/src/eclicw.c **** 
  20              		.loc 1 9 74 is_stmt 0
  21 0000 0111     		addi	sp,sp,-32
  22              	.LCFI0:
  23              		.cfi_def_cfa_offset 32
  24 0002 26CA     		sw	s1,20(sp)
  25              		.cfi_offset 9, -12
  26              		.loc 1 11 8
  27 0004 B7040000 		lui	s1,%hi(.LANCHOR0)
  28 0008 93840400 		addi	s1,s1,%lo(.LANCHOR0)
  29              		.loc 1 11 7
  30 000c 9C40     		lw	a5,0(s1)
   9:lib/eclicw/src/eclicw.c **** 
  31              		.loc 1 9 74
  32 000e 22CC     		sw	s0,24(sp)
  33 0010 4AC8     		sw	s2,16(sp)
  34 0012 4EC6     		sw	s3,12(sp)
  35 0014 52C4     		sw	s4,8(sp)
  36 0016 56C2     		sw	s5,4(sp)
  37              		.cfi_offset 8, -8
  38              		.cfi_offset 18, -16
  39              		.cfi_offset 19, -20
  40              		.cfi_offset 20, -24
  41              		.cfi_offset 21, -28
  42 0018 37090000 		lui	s2,%hi(.LANCHOR1)
  43 001c 06CE     		sw	ra,28(sp)
  44              		.cfi_offset 1, -4
   9:lib/eclicw/src/eclicw.c **** 
GAS LISTING /var/folders/rt/4gvqv631095f64jvm7jfj_000000gn/T//ccJ6KNzi.s 			page 2


  45              		.loc 1 9 74
  46 001e 2A84     		mv	s0,a0
  47 0020 2E8A     		mv	s4,a1
  48 0022 B28A     		mv	s5,a2
  49 0024 B689     		mv	s3,a3
  50 0026 13090900 		addi	s2,s2,%lo(.LANCHOR1)
  51              		.loc 1 11 7
  52 002a 85EF     		bne	a5,zero,.L2
  12:lib/eclicw/src/eclicw.c ****         max_irqn = *( volatile uint32_t * )( ECLIC_ADDR_BASE + ECLIC_INFO_OFFSET );
  53              		.loc 1 12 9 is_stmt 1
  54              		.loc 1 12 20 is_stmt 0
  55 002c B70700D2 		li	a5,-771751936
  56 0030 C843     		lw	a0,4(a5)
  57              	.LVL1:
  13:lib/eclicw/src/eclicw.c ****         max_irqn &= ( 0x00001FFF );             // Nb of imp. int. in 13 lsb.
  58              		.loc 1 13 9 is_stmt 1
  59              		.loc 1 13 18 is_stmt 0
  60 0032 4E05     		slli	a0,a0,19
  61 0034 4D81     		srli	a0,a0,19
  62 0036 88C0     		sw	a0,0(s1)
  14:lib/eclicw/src/eclicw.c ****         eclic_init( max_irqn );                 // Init ECLIC datast. (All int. dis.)
  63              		.loc 1 14 9 is_stmt 1
  64 0038 97000000 		call	eclic_init
  64      E7800000 
  65              	.LVL2:
  15:lib/eclicw/src/eclicw.c ****         eclic_mode_enable();                    // Enable ECLIC & Vectore mode.
  66              		.loc 1 15 9
  67 0040 97000000 		call	eclic_mode_enable
  67      E7800000 
  68              	.LVL3:
  16:lib/eclicw/src/eclicw.c ****         jtbl = (isr_t *)malloc(sizeof(isr_t *)*max_irqn); // Space for isr addresses. 
  69              		.loc 1 16 9
  70              		.loc 1 16 47 is_stmt 0
  71 0048 8840     		lw	a0,0(s1)
  72              		.loc 1 16 25
  73 004a 0A05     		slli	a0,a0,2
  74 004c 97000000 		call	malloc
  74      E7800000 
  75              	.LVL4:
  76              		.loc 1 16 14
  77 0054 2320A900 		sw	a0,0(s2)
  17:lib/eclicw/src/eclicw.c ****         eclic_priority_group_set(ECLIC_PRIGROUP_LEVEL3_PRIO1); // level 0..7, prio 0..1!
  78              		.loc 1 17 9 is_stmt 1
  79 0058 0D45     		li	a0,3
  80 005a 97000000 		call	eclic_priority_group_set
  80      E7800000 
  81              	.LVL5:
  82              	.L2:
  18:lib/eclicw/src/eclicw.c ****    }
  19:lib/eclicw/src/eclicw.c **** 
  20:lib/eclicw/src/eclicw.c ****    eclic_clear_pending( irqn );                 // Make very sure pending flag is zero!
  83              		.loc 1 20 4
  84 0062 2285     		mv	a0,s0
  85 0064 97000000 		call	eclic_clear_pending
  85      E7800000 
  86              	.LVL6:
  21:lib/eclicw/src/eclicw.c ****    eclic_irq_enable(irqn, level, priority);     // Tell ECLIC selected level and priority!
GAS LISTING /var/folders/rt/4gvqv631095f64jvm7jfj_000000gn/T//ccJ6KNzi.s 			page 3


  87              		.loc 1 21 4
  88 006c 13F6FA0F 		andi	a2,s5,0xff
  89 0070 9375FA0F 		andi	a1,s4,0xff
  90 0074 2285     		mv	a0,s0
  91 0076 97000000 		call	eclic_irq_enable
  91      E7800000 
  92              	.LVL7:
  22:lib/eclicw/src/eclicw.c ****    eclic_set_vmode( irqn );                     // Manage the int through the vector table.
  93              		.loc 1 22 4
  94 007e 2285     		mv	a0,s0
  95 0080 97000000 		call	eclic_set_vmode
  95      E7800000 
  96              	.LVL8:
  23:lib/eclicw/src/eclicw.c ****    eclic_enable_interrupt( irqn );              // Enable the selected interrupt.
  97              		.loc 1 23 4
  98 0088 2285     		mv	a0,s0
  99 008a 97000000 		call	eclic_enable_interrupt
  99      E7800000 
 100              	.LVL9:
  24:lib/eclicw/src/eclicw.c **** 
  25:lib/eclicw/src/eclicw.c ****    jtbl[irqn]=pISR;                             // Remember what to call!!!
 101              		.loc 1 25 4
 102              		.loc 1 25 14 is_stmt 0
 103 0092 83270900 		lw	a5,0(s2)
 104 0096 0A04     		slli	s0,s0,2
 105              	.LVL10:
  26:lib/eclicw/src/eclicw.c **** }
 106              		.loc 1 26 1
 107 0098 F240     		lw	ra,28(sp)
 108              		.cfi_restore 1
  25:lib/eclicw/src/eclicw.c **** }
 109              		.loc 1 25 14
 110 009a 3E94     		add	s0,a5,s0
 111 009c 23203401 		sw	s3,0(s0)
 112              		.loc 1 26 1
 113 00a0 6244     		lw	s0,24(sp)
 114              		.cfi_restore 8
 115 00a2 D244     		lw	s1,20(sp)
 116              		.cfi_restore 9
 117 00a4 4249     		lw	s2,16(sp)
 118              		.cfi_restore 18
 119 00a6 B249     		lw	s3,12(sp)
 120              		.cfi_restore 19
 121              	.LVL11:
 122 00a8 224A     		lw	s4,8(sp)
 123              		.cfi_restore 20
 124              	.LVL12:
 125 00aa 924A     		lw	s5,4(sp)
 126              		.cfi_restore 21
 127              	.LVL13:
 128 00ac 0561     		addi	sp,sp,32
 129              	.LCFI1:
 130              		.cfi_def_cfa_offset 0
 131 00ae 8280     		jr	ra
 132              		.cfi_endproc
 133              	.LFE2:
 135              		.section	.text.eclic_mtip_handler,"ax",@progbits
GAS LISTING /var/folders/rt/4gvqv631095f64jvm7jfj_000000gn/T//ccJ6KNzi.s 			page 4


 136              		.align	1
 137              		.globl	eclic_mtip_handler
 139              	eclic_mtip_handler:
 140              	.LFB3:
  27:lib/eclicw/src/eclicw.c **** 
  28:lib/eclicw/src/eclicw.c **** __attribute__( ( interrupt ) )
  29:lib/eclicw/src/eclicw.c **** void eclic_mtip_handler( void ) {               // c-wrapper saves environment...
 141              		.loc 1 29 33 is_stmt 1
 142              		.cfi_startproc
  30:lib/eclicw/src/eclicw.c ****   jtbl[CLIC_INT_TMR]();                         // ...Call int's ISR...
 143              		.loc 1 30 3
  29:lib/eclicw/src/eclicw.c ****   jtbl[CLIC_INT_TMR]();                         // ...Call int's ISR...
 144              		.loc 1 29 33 is_stmt 0
 145 0000 3971     		addi	sp,sp,-64
 146              	.LCFI2:
 147              		.cfi_def_cfa_offset 64
 148 0002 3ECC     		sw	a5,24(sp)
 149              		.cfi_offset 15, -40
 150              		.loc 1 30 7
 151 0004 B7070000 		lui	a5,%hi(.LANCHOR1)
 152 0008 83A70700 		lw	a5,%lo(.LANCHOR1)(a5)
  29:lib/eclicw/src/eclicw.c ****   jtbl[CLIC_INT_TMR]();                         // ...Call int's ISR...
 153              		.loc 1 29 33
 154 000c 06DE     		sw	ra,60(sp)
 155 000e 16DC     		sw	t0,56(sp)
 156              		.loc 1 30 3
 157 0010 DC4F     		lw	a5,28(a5)
  29:lib/eclicw/src/eclicw.c ****   jtbl[CLIC_INT_TMR]();                         // ...Call int's ISR...
 158              		.loc 1 29 33
 159 0012 1ADA     		sw	t1,52(sp)
 160 0014 1ED8     		sw	t2,48(sp)
 161 0016 2AD6     		sw	a0,44(sp)
 162 0018 2ED4     		sw	a1,40(sp)
 163 001a 32D2     		sw	a2,36(sp)
 164 001c 36D0     		sw	a3,32(sp)
 165 001e 3ACE     		sw	a4,28(sp)
 166 0020 42CA     		sw	a6,20(sp)
 167 0022 46C8     		sw	a7,16(sp)
 168 0024 72C6     		sw	t3,12(sp)
 169 0026 76C4     		sw	t4,8(sp)
 170 0028 7AC2     		sw	t5,4(sp)
 171 002a 7EC0     		sw	t6,0(sp)
 172              		.cfi_offset 1, -4
 173              		.cfi_offset 5, -8
 174              		.cfi_offset 6, -12
 175              		.cfi_offset 7, -16
 176              		.cfi_offset 10, -20
 177              		.cfi_offset 11, -24
 178              		.cfi_offset 12, -28
 179              		.cfi_offset 13, -32
 180              		.cfi_offset 14, -36
 181              		.cfi_offset 16, -44
 182              		.cfi_offset 17, -48
 183              		.cfi_offset 28, -52
 184              		.cfi_offset 29, -56
 185              		.cfi_offset 30, -60
 186              		.cfi_offset 31, -64
GAS LISTING /var/folders/rt/4gvqv631095f64jvm7jfj_000000gn/T//ccJ6KNzi.s 			page 5


 187              		.loc 1 30 3
 188 002c 8297     		jalr	a5
 189              	.LVL14:
  31:lib/eclicw/src/eclicw.c **** }                                               // and restores environment (also (G)IE)!
 190              		.loc 1 31 1
 191 002e F250     		lw	ra,60(sp)
 192              		.cfi_restore 1
 193 0030 E252     		lw	t0,56(sp)
 194              		.cfi_restore 5
 195 0032 5253     		lw	t1,52(sp)
 196              		.cfi_restore 6
 197 0034 C253     		lw	t2,48(sp)
 198              		.cfi_restore 7
 199 0036 3255     		lw	a0,44(sp)
 200              		.cfi_restore 10
 201 0038 A255     		lw	a1,40(sp)
 202              		.cfi_restore 11
 203 003a 1256     		lw	a2,36(sp)
 204              		.cfi_restore 12
 205 003c 8256     		lw	a3,32(sp)
 206              		.cfi_restore 13
 207 003e 7247     		lw	a4,28(sp)
 208              		.cfi_restore 14
 209 0040 E247     		lw	a5,24(sp)
 210              		.cfi_restore 15
 211 0042 5248     		lw	a6,20(sp)
 212              		.cfi_restore 16
 213 0044 C248     		lw	a7,16(sp)
 214              		.cfi_restore 17
 215 0046 324E     		lw	t3,12(sp)
 216              		.cfi_restore 28
 217 0048 A24E     		lw	t4,8(sp)
 218              		.cfi_restore 29
 219 004a 124F     		lw	t5,4(sp)
 220              		.cfi_restore 30
 221 004c 824F     		lw	t6,0(sp)
 222              		.cfi_restore 31
 223 004e 2161     		addi	sp,sp,64
 224              	.LCFI3:
 225              		.cfi_def_cfa_offset 0
 226 0050 73002030 		mret
 227              		.cfi_endproc
 228              	.LFE3:
 230              		.section	.text.USART0_IRQHandler,"ax",@progbits
 231              		.align	1
 232              		.globl	USART0_IRQHandler
 234              	USART0_IRQHandler:
 235              	.LFB4:
  32:lib/eclicw/src/eclicw.c **** 
  33:lib/eclicw/src/eclicw.c **** __attribute__( ( interrupt ) )                  // !!! ALL USART0 INT GOES HERE !!!
  34:lib/eclicw/src/eclicw.c **** void USART0_IRQHandler( void ) {                // c-wrapper saves environment...
 236              		.loc 1 34 32 is_stmt 1
 237              		.cfi_startproc
  35:lib/eclicw/src/eclicw.c ****   jtbl[USART0_IRQn]();                          // ...Call int's ISR...
 238              		.loc 1 35 3
  34:lib/eclicw/src/eclicw.c ****   jtbl[USART0_IRQn]();                          // ...Call int's ISR...
 239              		.loc 1 34 32 is_stmt 0
GAS LISTING /var/folders/rt/4gvqv631095f64jvm7jfj_000000gn/T//ccJ6KNzi.s 			page 6


 240 0000 3971     		addi	sp,sp,-64
 241              	.LCFI4:
 242              		.cfi_def_cfa_offset 64
 243 0002 3ECC     		sw	a5,24(sp)
 244              		.cfi_offset 15, -40
 245              		.loc 1 35 7
 246 0004 B7070000 		lui	a5,%hi(.LANCHOR1)
 247 0008 83A70700 		lw	a5,%lo(.LANCHOR1)(a5)
  34:lib/eclicw/src/eclicw.c ****   jtbl[USART0_IRQn]();                          // ...Call int's ISR...
 248              		.loc 1 34 32
 249 000c 06DE     		sw	ra,60(sp)
 250 000e 16DC     		sw	t0,56(sp)
 251              		.loc 1 35 3
 252 0010 83A7070E 		lw	a5,224(a5)
  34:lib/eclicw/src/eclicw.c ****   jtbl[USART0_IRQn]();                          // ...Call int's ISR...
 253              		.loc 1 34 32
 254 0014 1ADA     		sw	t1,52(sp)
 255 0016 1ED8     		sw	t2,48(sp)
 256 0018 2AD6     		sw	a0,44(sp)
 257 001a 2ED4     		sw	a1,40(sp)
 258 001c 32D2     		sw	a2,36(sp)
 259 001e 36D0     		sw	a3,32(sp)
 260 0020 3ACE     		sw	a4,28(sp)
 261 0022 42CA     		sw	a6,20(sp)
 262 0024 46C8     		sw	a7,16(sp)
 263 0026 72C6     		sw	t3,12(sp)
 264 0028 76C4     		sw	t4,8(sp)
 265 002a 7AC2     		sw	t5,4(sp)
 266 002c 7EC0     		sw	t6,0(sp)
 267              		.cfi_offset 1, -4
 268              		.cfi_offset 5, -8
 269              		.cfi_offset 6, -12
 270              		.cfi_offset 7, -16
 271              		.cfi_offset 10, -20
 272              		.cfi_offset 11, -24
 273              		.cfi_offset 12, -28
 274              		.cfi_offset 13, -32
 275              		.cfi_offset 14, -36
 276              		.cfi_offset 16, -44
 277              		.cfi_offset 17, -48
 278              		.cfi_offset 28, -52
 279              		.cfi_offset 29, -56
 280              		.cfi_offset 30, -60
 281              		.cfi_offset 31, -64
 282              		.loc 1 35 3
 283 002e 8297     		jalr	a5
 284              	.LVL15:
  36:lib/eclicw/src/eclicw.c **** }                                               // and restores environment (also (G)IE)!
 285              		.loc 1 36 1
 286 0030 F250     		lw	ra,60(sp)
 287              		.cfi_restore 1
 288 0032 E252     		lw	t0,56(sp)
 289              		.cfi_restore 5
 290 0034 5253     		lw	t1,52(sp)
 291              		.cfi_restore 6
 292 0036 C253     		lw	t2,48(sp)
 293              		.cfi_restore 7
GAS LISTING /var/folders/rt/4gvqv631095f64jvm7jfj_000000gn/T//ccJ6KNzi.s 			page 7


 294 0038 3255     		lw	a0,44(sp)
 295              		.cfi_restore 10
 296 003a A255     		lw	a1,40(sp)
 297              		.cfi_restore 11
 298 003c 1256     		lw	a2,36(sp)
 299              		.cfi_restore 12
 300 003e 8256     		lw	a3,32(sp)
 301              		.cfi_restore 13
 302 0040 7247     		lw	a4,28(sp)
 303              		.cfi_restore 14
 304 0042 E247     		lw	a5,24(sp)
 305              		.cfi_restore 15
 306 0044 5248     		lw	a6,20(sp)
 307              		.cfi_restore 16
 308 0046 C248     		lw	a7,16(sp)
 309              		.cfi_restore 17
 310 0048 324E     		lw	t3,12(sp)
 311              		.cfi_restore 28
 312 004a A24E     		lw	t4,8(sp)
 313              		.cfi_restore 29
 314 004c 124F     		lw	t5,4(sp)
 315              		.cfi_restore 30
 316 004e 824F     		lw	t6,0(sp)
 317              		.cfi_restore 31
 318 0050 2161     		addi	sp,sp,64
 319              	.LCFI5:
 320              		.cfi_def_cfa_offset 0
 321 0052 73002030 		mret
 322              		.cfi_endproc
 323              	.LFE4:
 325              		.section	.text.TIMER4_IRQHandler,"ax",@progbits
 326              		.align	1
 327              		.globl	TIMER4_IRQHandler
 329              	TIMER4_IRQHandler:
 330              	.LFB5:
  37:lib/eclicw/src/eclicw.c **** 
  38:lib/eclicw/src/eclicw.c **** __attribute__( ( interrupt ) )
  39:lib/eclicw/src/eclicw.c **** void TIMER4_IRQHandler( void ) {               // c-wrapper saves environment...
 331              		.loc 1 39 32 is_stmt 1
 332              		.cfi_startproc
  40:lib/eclicw/src/eclicw.c ****   jtbl[TIMER4_IRQn]();                         // ...Call int's ISR...
 333              		.loc 1 40 3
  39:lib/eclicw/src/eclicw.c ****   jtbl[TIMER4_IRQn]();                         // ...Call int's ISR...
 334              		.loc 1 39 32 is_stmt 0
 335 0000 3971     		addi	sp,sp,-64
 336              	.LCFI6:
 337              		.cfi_def_cfa_offset 64
 338 0002 3ECC     		sw	a5,24(sp)
 339              		.cfi_offset 15, -40
 340              		.loc 1 40 7
 341 0004 B7070000 		lui	a5,%hi(.LANCHOR1)
 342 0008 83A70700 		lw	a5,%lo(.LANCHOR1)(a5)
  39:lib/eclicw/src/eclicw.c ****   jtbl[TIMER4_IRQn]();                         // ...Call int's ISR...
 343              		.loc 1 39 32
 344 000c 06DE     		sw	ra,60(sp)
 345 000e 16DC     		sw	t0,56(sp)
 346              		.loc 1 40 3
GAS LISTING /var/folders/rt/4gvqv631095f64jvm7jfj_000000gn/T//ccJ6KNzi.s 			page 8


 347 0010 83A74711 		lw	a5,276(a5)
  39:lib/eclicw/src/eclicw.c ****   jtbl[TIMER4_IRQn]();                         // ...Call int's ISR...
 348              		.loc 1 39 32
 349 0014 1ADA     		sw	t1,52(sp)
 350 0016 1ED8     		sw	t2,48(sp)
 351 0018 2AD6     		sw	a0,44(sp)
 352 001a 2ED4     		sw	a1,40(sp)
 353 001c 32D2     		sw	a2,36(sp)
 354 001e 36D0     		sw	a3,32(sp)
 355 0020 3ACE     		sw	a4,28(sp)
 356 0022 42CA     		sw	a6,20(sp)
 357 0024 46C8     		sw	a7,16(sp)
 358 0026 72C6     		sw	t3,12(sp)
 359 0028 76C4     		sw	t4,8(sp)
 360 002a 7AC2     		sw	t5,4(sp)
 361 002c 7EC0     		sw	t6,0(sp)
 362              		.cfi_offset 1, -4
 363              		.cfi_offset 5, -8
 364              		.cfi_offset 6, -12
 365              		.cfi_offset 7, -16
 366              		.cfi_offset 10, -20
 367              		.cfi_offset 11, -24
 368              		.cfi_offset 12, -28
 369              		.cfi_offset 13, -32
 370              		.cfi_offset 14, -36
 371              		.cfi_offset 16, -44
 372              		.cfi_offset 17, -48
 373              		.cfi_offset 28, -52
 374              		.cfi_offset 29, -56
 375              		.cfi_offset 30, -60
 376              		.cfi_offset 31, -64
 377              		.loc 1 40 3
 378 002e 8297     		jalr	a5
 379              	.LVL16:
  41:lib/eclicw/src/eclicw.c **** }                                              // and restores environment (also (G)IE)!
 380              		.loc 1 41 1
 381 0030 F250     		lw	ra,60(sp)
 382              		.cfi_restore 1
 383 0032 E252     		lw	t0,56(sp)
 384              		.cfi_restore 5
 385 0034 5253     		lw	t1,52(sp)
 386              		.cfi_restore 6
 387 0036 C253     		lw	t2,48(sp)
 388              		.cfi_restore 7
 389 0038 3255     		lw	a0,44(sp)
 390              		.cfi_restore 10
 391 003a A255     		lw	a1,40(sp)
 392              		.cfi_restore 11
 393 003c 1256     		lw	a2,36(sp)
 394              		.cfi_restore 12
 395 003e 8256     		lw	a3,32(sp)
 396              		.cfi_restore 13
 397 0040 7247     		lw	a4,28(sp)
 398              		.cfi_restore 14
 399 0042 E247     		lw	a5,24(sp)
 400              		.cfi_restore 15
 401 0044 5248     		lw	a6,20(sp)
GAS LISTING /var/folders/rt/4gvqv631095f64jvm7jfj_000000gn/T//ccJ6KNzi.s 			page 9


 402              		.cfi_restore 16
 403 0046 C248     		lw	a7,16(sp)
 404              		.cfi_restore 17
 405 0048 324E     		lw	t3,12(sp)
 406              		.cfi_restore 28
 407 004a A24E     		lw	t4,8(sp)
 408              		.cfi_restore 29
 409 004c 124F     		lw	t5,4(sp)
 410              		.cfi_restore 30
 411 004e 824F     		lw	t6,0(sp)
 412              		.cfi_restore 31
 413 0050 2161     		addi	sp,sp,64
 414              	.LCFI7:
 415              		.cfi_def_cfa_offset 0
 416 0052 73002030 		mret
 417              		.cfi_endproc
 418              	.LFE5:
 420              		.section	.sbss.jtbl,"aw",@nobits
 421              		.align	2
 422              		.set	.LANCHOR1,. + 0
 425              	jtbl:
 426 0000 00000000 		.zero	4
 427              		.section	.sbss.max_irqn,"aw",@nobits
 428              		.align	2
 429              		.set	.LANCHOR0,. + 0
 432              	max_irqn:
 433 0000 00000000 		.zero	4
 434              		.text
 435              	.Letext0:
 436              		.file 2 "/Users/alexstrae/toolchain-gd32v-v202-osx/compiler/lib/gcc/riscv64-unknown-elf/8.3.0/incl
 437              		.file 3 "/Users/alexstrae/toolchain-gd32v-v202-osx/compiler/riscv64-unknown-elf/include/machine/_d
 438              		.file 4 "/Users/alexstrae/toolchain-gd32v-v202-osx/compiler/riscv64-unknown-elf/include/sys/_types
 439              		.file 5 "/Users/alexstrae/toolchain-gd32v-v202-osx/compiler/riscv64-unknown-elf/include/sys/reent.
 440              		.file 6 "/Users/alexstrae/toolchain-gd32v-v202-osx/compiler/riscv64-unknown-elf/include/sys/lock.h
 441              		.file 7 "/Users/alexstrae/toolchain-gd32v-v202-osx/compiler/riscv64-unknown-elf/include/stdlib.h"
 442              		.file 8 "/Users/alexstrae/toolchain-gd32v-v202-osx/compiler/riscv64-unknown-elf/include/sys/_stdin
 443              		.file 9 "../../firmware/GD32VF103_standard_peripheral/system_gd32vf103.h"
 444              		.file 10 "../../firmware/RISCV/drivers/n200_func.h"
 445              		.file 11 "../../firmware/GD32VF103_standard_peripheral/Include/gd32vf103_eclic.h"
 446              		.file 12 "../../firmware/GD32VF103_standard_peripheral/gd32vf103.h"
GAS LISTING /var/folders/rt/4gvqv631095f64jvm7jfj_000000gn/T//ccJ6KNzi.s 			page 10


DEFINED SYMBOLS
                            *ABS*:0000000000000000 eclicw.c
/var/folders/rt/4gvqv631095f64jvm7jfj_000000gn/T//ccJ6KNzi.s:13     .text.eclicw_enable:0000000000000000 eclicw_enable
/var/folders/rt/4gvqv631095f64jvm7jfj_000000gn/T//ccJ6KNzi.s:17     .text.eclicw_enable:0000000000000000 .L0 
/var/folders/rt/4gvqv631095f64jvm7jfj_000000gn/T//ccJ6KNzi.s:19     .text.eclicw_enable:0000000000000000 .L0 
/var/folders/rt/4gvqv631095f64jvm7jfj_000000gn/T//ccJ6KNzi.s:20     .text.eclicw_enable:0000000000000000 .L0 
/var/folders/rt/4gvqv631095f64jvm7jfj_000000gn/T//ccJ6KNzi.s:21     .text.eclicw_enable:0000000000000000 .L0 
/var/folders/rt/4gvqv631095f64jvm7jfj_000000gn/T//ccJ6KNzi.s:23     .text.eclicw_enable:0000000000000002 .L0 
/var/folders/rt/4gvqv631095f64jvm7jfj_000000gn/T//ccJ6KNzi.s:25     .text.eclicw_enable:0000000000000004 .L0 
/var/folders/rt/4gvqv631095f64jvm7jfj_000000gn/T//ccJ6KNzi.s:27     .text.eclicw_enable:0000000000000004 .L0 
/var/folders/rt/4gvqv631095f64jvm7jfj_000000gn/T//ccJ6KNzi.s:30     .text.eclicw_enable:000000000000000c .L0 
/var/folders/rt/4gvqv631095f64jvm7jfj_000000gn/T//ccJ6KNzi.s:32     .text.eclicw_enable:000000000000000e .L0 
/var/folders/rt/4gvqv631095f64jvm7jfj_000000gn/T//ccJ6KNzi.s:37     .text.eclicw_enable:0000000000000018 .L0 
/var/folders/rt/4gvqv631095f64jvm7jfj_000000gn/T//ccJ6KNzi.s:38     .text.eclicw_enable:0000000000000018 .L0 
/var/folders/rt/4gvqv631095f64jvm7jfj_000000gn/T//ccJ6KNzi.s:39     .text.eclicw_enable:0000000000000018 .L0 
/var/folders/rt/4gvqv631095f64jvm7jfj_000000gn/T//ccJ6KNzi.s:40     .text.eclicw_enable:0000000000000018 .L0 
/var/folders/rt/4gvqv631095f64jvm7jfj_000000gn/T//ccJ6KNzi.s:41     .text.eclicw_enable:0000000000000018 .L0 
/var/folders/rt/4gvqv631095f64jvm7jfj_000000gn/T//ccJ6KNzi.s:44     .text.eclicw_enable:000000000000001e .L0 
/var/folders/rt/4gvqv631095f64jvm7jfj_000000gn/T//ccJ6KNzi.s:46     .text.eclicw_enable:000000000000001e .L0 
/var/folders/rt/4gvqv631095f64jvm7jfj_000000gn/T//ccJ6KNzi.s:52     .text.eclicw_enable:000000000000002a .L0 
/var/folders/rt/4gvqv631095f64jvm7jfj_000000gn/T//ccJ6KNzi.s:54     .text.eclicw_enable:000000000000002c .L0 
/var/folders/rt/4gvqv631095f64jvm7jfj_000000gn/T//ccJ6KNzi.s:55     .text.eclicw_enable:000000000000002c .L0 
/var/folders/rt/4gvqv631095f64jvm7jfj_000000gn/T//ccJ6KNzi.s:59     .text.eclicw_enable:0000000000000032 .L0 
/var/folders/rt/4gvqv631095f64jvm7jfj_000000gn/T//ccJ6KNzi.s:60     .text.eclicw_enable:0000000000000032 .L0 
/var/folders/rt/4gvqv631095f64jvm7jfj_000000gn/T//ccJ6KNzi.s:64     .text.eclicw_enable:0000000000000038 .L0 
/var/folders/rt/4gvqv631095f64jvm7jfj_000000gn/T//ccJ6KNzi.s:67     .text.eclicw_enable:0000000000000040 .L0 
/var/folders/rt/4gvqv631095f64jvm7jfj_000000gn/T//ccJ6KNzi.s:70     .text.eclicw_enable:0000000000000048 .L0 
/var/folders/rt/4gvqv631095f64jvm7jfj_000000gn/T//ccJ6KNzi.s:71     .text.eclicw_enable:0000000000000048 .L0 
/var/folders/rt/4gvqv631095f64jvm7jfj_000000gn/T//ccJ6KNzi.s:73     .text.eclicw_enable:000000000000004a .L0 
/var/folders/rt/4gvqv631095f64jvm7jfj_000000gn/T//ccJ6KNzi.s:77     .text.eclicw_enable:0000000000000054 .L0 
/var/folders/rt/4gvqv631095f64jvm7jfj_000000gn/T//ccJ6KNzi.s:79     .text.eclicw_enable:0000000000000058 .L0 
/var/folders/rt/4gvqv631095f64jvm7jfj_000000gn/T//ccJ6KNzi.s:84     .text.eclicw_enable:0000000000000062 .L0 
/var/folders/rt/4gvqv631095f64jvm7jfj_000000gn/T//ccJ6KNzi.s:88     .text.eclicw_enable:000000000000006c .L0 
/var/folders/rt/4gvqv631095f64jvm7jfj_000000gn/T//ccJ6KNzi.s:94     .text.eclicw_enable:000000000000007e .L0 
/var/folders/rt/4gvqv631095f64jvm7jfj_000000gn/T//ccJ6KNzi.s:98     .text.eclicw_enable:0000000000000088 .L0 
/var/folders/rt/4gvqv631095f64jvm7jfj_000000gn/T//ccJ6KNzi.s:102    .text.eclicw_enable:0000000000000092 .L0 
/var/folders/rt/4gvqv631095f64jvm7jfj_000000gn/T//ccJ6KNzi.s:103    .text.eclicw_enable:0000000000000092 .L0 
/var/folders/rt/4gvqv631095f64jvm7jfj_000000gn/T//ccJ6KNzi.s:107    .text.eclicw_enable:0000000000000098 .L0 
/var/folders/rt/4gvqv631095f64jvm7jfj_000000gn/T//ccJ6KNzi.s:108    .text.eclicw_enable:000000000000009a .L0 
/var/folders/rt/4gvqv631095f64jvm7jfj_000000gn/T//ccJ6KNzi.s:110    .text.eclicw_enable:000000000000009a .L0 
/var/folders/rt/4gvqv631095f64jvm7jfj_000000gn/T//ccJ6KNzi.s:113    .text.eclicw_enable:00000000000000a0 .L0 
/var/folders/rt/4gvqv631095f64jvm7jfj_000000gn/T//ccJ6KNzi.s:114    .text.eclicw_enable:00000000000000a2 .L0 
/var/folders/rt/4gvqv631095f64jvm7jfj_000000gn/T//ccJ6KNzi.s:116    .text.eclicw_enable:00000000000000a4 .L0 
/var/folders/rt/4gvqv631095f64jvm7jfj_000000gn/T//ccJ6KNzi.s:118    .text.eclicw_enable:00000000000000a6 .L0 
/var/folders/rt/4gvqv631095f64jvm7jfj_000000gn/T//ccJ6KNzi.s:120    .text.eclicw_enable:00000000000000a8 .L0 
/var/folders/rt/4gvqv631095f64jvm7jfj_000000gn/T//ccJ6KNzi.s:123    .text.eclicw_enable:00000000000000aa .L0 
/var/folders/rt/4gvqv631095f64jvm7jfj_000000gn/T//ccJ6KNzi.s:126    .text.eclicw_enable:00000000000000ac .L0 
/var/folders/rt/4gvqv631095f64jvm7jfj_000000gn/T//ccJ6KNzi.s:130    .text.eclicw_enable:00000000000000ae .L0 
/var/folders/rt/4gvqv631095f64jvm7jfj_000000gn/T//ccJ6KNzi.s:132    .text.eclicw_enable:00000000000000b0 .L0 
/var/folders/rt/4gvqv631095f64jvm7jfj_000000gn/T//ccJ6KNzi.s:139    .text.eclic_mtip_handler:0000000000000000 eclic_mtip_handler
/var/folders/rt/4gvqv631095f64jvm7jfj_000000gn/T//ccJ6KNzi.s:142    .text.eclic_mtip_handler:0000000000000000 .L0 
/var/folders/rt/4gvqv631095f64jvm7jfj_000000gn/T//ccJ6KNzi.s:143    .text.eclic_mtip_handler:0000000000000000 .L0 
/var/folders/rt/4gvqv631095f64jvm7jfj_000000gn/T//ccJ6KNzi.s:144    .text.eclic_mtip_handler:0000000000000000 .L0 
/var/folders/rt/4gvqv631095f64jvm7jfj_000000gn/T//ccJ6KNzi.s:145    .text.eclic_mtip_handler:0000000000000000 .L0 
/var/folders/rt/4gvqv631095f64jvm7jfj_000000gn/T//ccJ6KNzi.s:147    .text.eclic_mtip_handler:0000000000000002 .L0 
/var/folders/rt/4gvqv631095f64jvm7jfj_000000gn/T//ccJ6KNzi.s:149    .text.eclic_mtip_handler:0000000000000004 .L0 
/var/folders/rt/4gvqv631095f64jvm7jfj_000000gn/T//ccJ6KNzi.s:151    .text.eclic_mtip_handler:0000000000000004 .L0 
GAS LISTING /var/folders/rt/4gvqv631095f64jvm7jfj_000000gn/T//ccJ6KNzi.s 			page 11


/var/folders/rt/4gvqv631095f64jvm7jfj_000000gn/T//ccJ6KNzi.s:154    .text.eclic_mtip_handler:000000000000000c .L0 
/var/folders/rt/4gvqv631095f64jvm7jfj_000000gn/T//ccJ6KNzi.s:157    .text.eclic_mtip_handler:0000000000000010 .L0 
/var/folders/rt/4gvqv631095f64jvm7jfj_000000gn/T//ccJ6KNzi.s:159    .text.eclic_mtip_handler:0000000000000012 .L0 
/var/folders/rt/4gvqv631095f64jvm7jfj_000000gn/T//ccJ6KNzi.s:172    .text.eclic_mtip_handler:000000000000002c .L0 
/var/folders/rt/4gvqv631095f64jvm7jfj_000000gn/T//ccJ6KNzi.s:173    .text.eclic_mtip_handler:000000000000002c .L0 
/var/folders/rt/4gvqv631095f64jvm7jfj_000000gn/T//ccJ6KNzi.s:174    .text.eclic_mtip_handler:000000000000002c .L0 
/var/folders/rt/4gvqv631095f64jvm7jfj_000000gn/T//ccJ6KNzi.s:175    .text.eclic_mtip_handler:000000000000002c .L0 
/var/folders/rt/4gvqv631095f64jvm7jfj_000000gn/T//ccJ6KNzi.s:176    .text.eclic_mtip_handler:000000000000002c .L0 
/var/folders/rt/4gvqv631095f64jvm7jfj_000000gn/T//ccJ6KNzi.s:177    .text.eclic_mtip_handler:000000000000002c .L0 
/var/folders/rt/4gvqv631095f64jvm7jfj_000000gn/T//ccJ6KNzi.s:178    .text.eclic_mtip_handler:000000000000002c .L0 
/var/folders/rt/4gvqv631095f64jvm7jfj_000000gn/T//ccJ6KNzi.s:179    .text.eclic_mtip_handler:000000000000002c .L0 
/var/folders/rt/4gvqv631095f64jvm7jfj_000000gn/T//ccJ6KNzi.s:180    .text.eclic_mtip_handler:000000000000002c .L0 
/var/folders/rt/4gvqv631095f64jvm7jfj_000000gn/T//ccJ6KNzi.s:181    .text.eclic_mtip_handler:000000000000002c .L0 
/var/folders/rt/4gvqv631095f64jvm7jfj_000000gn/T//ccJ6KNzi.s:182    .text.eclic_mtip_handler:000000000000002c .L0 
/var/folders/rt/4gvqv631095f64jvm7jfj_000000gn/T//ccJ6KNzi.s:183    .text.eclic_mtip_handler:000000000000002c .L0 
/var/folders/rt/4gvqv631095f64jvm7jfj_000000gn/T//ccJ6KNzi.s:184    .text.eclic_mtip_handler:000000000000002c .L0 
/var/folders/rt/4gvqv631095f64jvm7jfj_000000gn/T//ccJ6KNzi.s:185    .text.eclic_mtip_handler:000000000000002c .L0 
/var/folders/rt/4gvqv631095f64jvm7jfj_000000gn/T//ccJ6KNzi.s:186    .text.eclic_mtip_handler:000000000000002c .L0 
/var/folders/rt/4gvqv631095f64jvm7jfj_000000gn/T//ccJ6KNzi.s:188    .text.eclic_mtip_handler:000000000000002c .L0 
/var/folders/rt/4gvqv631095f64jvm7jfj_000000gn/T//ccJ6KNzi.s:191    .text.eclic_mtip_handler:000000000000002e .L0 
/var/folders/rt/4gvqv631095f64jvm7jfj_000000gn/T//ccJ6KNzi.s:192    .text.eclic_mtip_handler:0000000000000030 .L0 
/var/folders/rt/4gvqv631095f64jvm7jfj_000000gn/T//ccJ6KNzi.s:194    .text.eclic_mtip_handler:0000000000000032 .L0 
/var/folders/rt/4gvqv631095f64jvm7jfj_000000gn/T//ccJ6KNzi.s:196    .text.eclic_mtip_handler:0000000000000034 .L0 
/var/folders/rt/4gvqv631095f64jvm7jfj_000000gn/T//ccJ6KNzi.s:198    .text.eclic_mtip_handler:0000000000000036 .L0 
/var/folders/rt/4gvqv631095f64jvm7jfj_000000gn/T//ccJ6KNzi.s:200    .text.eclic_mtip_handler:0000000000000038 .L0 
/var/folders/rt/4gvqv631095f64jvm7jfj_000000gn/T//ccJ6KNzi.s:202    .text.eclic_mtip_handler:000000000000003a .L0 
/var/folders/rt/4gvqv631095f64jvm7jfj_000000gn/T//ccJ6KNzi.s:204    .text.eclic_mtip_handler:000000000000003c .L0 
/var/folders/rt/4gvqv631095f64jvm7jfj_000000gn/T//ccJ6KNzi.s:206    .text.eclic_mtip_handler:000000000000003e .L0 
/var/folders/rt/4gvqv631095f64jvm7jfj_000000gn/T//ccJ6KNzi.s:208    .text.eclic_mtip_handler:0000000000000040 .L0 
/var/folders/rt/4gvqv631095f64jvm7jfj_000000gn/T//ccJ6KNzi.s:210    .text.eclic_mtip_handler:0000000000000042 .L0 
/var/folders/rt/4gvqv631095f64jvm7jfj_000000gn/T//ccJ6KNzi.s:212    .text.eclic_mtip_handler:0000000000000044 .L0 
/var/folders/rt/4gvqv631095f64jvm7jfj_000000gn/T//ccJ6KNzi.s:214    .text.eclic_mtip_handler:0000000000000046 .L0 
/var/folders/rt/4gvqv631095f64jvm7jfj_000000gn/T//ccJ6KNzi.s:216    .text.eclic_mtip_handler:0000000000000048 .L0 
/var/folders/rt/4gvqv631095f64jvm7jfj_000000gn/T//ccJ6KNzi.s:218    .text.eclic_mtip_handler:000000000000004a .L0 
/var/folders/rt/4gvqv631095f64jvm7jfj_000000gn/T//ccJ6KNzi.s:220    .text.eclic_mtip_handler:000000000000004c .L0 
/var/folders/rt/4gvqv631095f64jvm7jfj_000000gn/T//ccJ6KNzi.s:222    .text.eclic_mtip_handler:000000000000004e .L0 
/var/folders/rt/4gvqv631095f64jvm7jfj_000000gn/T//ccJ6KNzi.s:225    .text.eclic_mtip_handler:0000000000000050 .L0 
/var/folders/rt/4gvqv631095f64jvm7jfj_000000gn/T//ccJ6KNzi.s:227    .text.eclic_mtip_handler:0000000000000054 .L0 
/var/folders/rt/4gvqv631095f64jvm7jfj_000000gn/T//ccJ6KNzi.s:234    .text.USART0_IRQHandler:0000000000000000 USART0_IRQHandler
/var/folders/rt/4gvqv631095f64jvm7jfj_000000gn/T//ccJ6KNzi.s:237    .text.USART0_IRQHandler:0000000000000000 .L0 
/var/folders/rt/4gvqv631095f64jvm7jfj_000000gn/T//ccJ6KNzi.s:238    .text.USART0_IRQHandler:0000000000000000 .L0 
/var/folders/rt/4gvqv631095f64jvm7jfj_000000gn/T//ccJ6KNzi.s:239    .text.USART0_IRQHandler:0000000000000000 .L0 
/var/folders/rt/4gvqv631095f64jvm7jfj_000000gn/T//ccJ6KNzi.s:240    .text.USART0_IRQHandler:0000000000000000 .L0 
/var/folders/rt/4gvqv631095f64jvm7jfj_000000gn/T//ccJ6KNzi.s:242    .text.USART0_IRQHandler:0000000000000002 .L0 
/var/folders/rt/4gvqv631095f64jvm7jfj_000000gn/T//ccJ6KNzi.s:244    .text.USART0_IRQHandler:0000000000000004 .L0 
/var/folders/rt/4gvqv631095f64jvm7jfj_000000gn/T//ccJ6KNzi.s:246    .text.USART0_IRQHandler:0000000000000004 .L0 
/var/folders/rt/4gvqv631095f64jvm7jfj_000000gn/T//ccJ6KNzi.s:249    .text.USART0_IRQHandler:000000000000000c .L0 
/var/folders/rt/4gvqv631095f64jvm7jfj_000000gn/T//ccJ6KNzi.s:252    .text.USART0_IRQHandler:0000000000000010 .L0 
/var/folders/rt/4gvqv631095f64jvm7jfj_000000gn/T//ccJ6KNzi.s:254    .text.USART0_IRQHandler:0000000000000014 .L0 
/var/folders/rt/4gvqv631095f64jvm7jfj_000000gn/T//ccJ6KNzi.s:267    .text.USART0_IRQHandler:000000000000002e .L0 
/var/folders/rt/4gvqv631095f64jvm7jfj_000000gn/T//ccJ6KNzi.s:268    .text.USART0_IRQHandler:000000000000002e .L0 
/var/folders/rt/4gvqv631095f64jvm7jfj_000000gn/T//ccJ6KNzi.s:269    .text.USART0_IRQHandler:000000000000002e .L0 
/var/folders/rt/4gvqv631095f64jvm7jfj_000000gn/T//ccJ6KNzi.s:270    .text.USART0_IRQHandler:000000000000002e .L0 
/var/folders/rt/4gvqv631095f64jvm7jfj_000000gn/T//ccJ6KNzi.s:271    .text.USART0_IRQHandler:000000000000002e .L0 
/var/folders/rt/4gvqv631095f64jvm7jfj_000000gn/T//ccJ6KNzi.s:272    .text.USART0_IRQHandler:000000000000002e .L0 
/var/folders/rt/4gvqv631095f64jvm7jfj_000000gn/T//ccJ6KNzi.s:273    .text.USART0_IRQHandler:000000000000002e .L0 
/var/folders/rt/4gvqv631095f64jvm7jfj_000000gn/T//ccJ6KNzi.s:274    .text.USART0_IRQHandler:000000000000002e .L0 
GAS LISTING /var/folders/rt/4gvqv631095f64jvm7jfj_000000gn/T//ccJ6KNzi.s 			page 12


/var/folders/rt/4gvqv631095f64jvm7jfj_000000gn/T//ccJ6KNzi.s:275    .text.USART0_IRQHandler:000000000000002e .L0 
/var/folders/rt/4gvqv631095f64jvm7jfj_000000gn/T//ccJ6KNzi.s:276    .text.USART0_IRQHandler:000000000000002e .L0 
/var/folders/rt/4gvqv631095f64jvm7jfj_000000gn/T//ccJ6KNzi.s:277    .text.USART0_IRQHandler:000000000000002e .L0 
/var/folders/rt/4gvqv631095f64jvm7jfj_000000gn/T//ccJ6KNzi.s:278    .text.USART0_IRQHandler:000000000000002e .L0 
/var/folders/rt/4gvqv631095f64jvm7jfj_000000gn/T//ccJ6KNzi.s:279    .text.USART0_IRQHandler:000000000000002e .L0 
/var/folders/rt/4gvqv631095f64jvm7jfj_000000gn/T//ccJ6KNzi.s:280    .text.USART0_IRQHandler:000000000000002e .L0 
/var/folders/rt/4gvqv631095f64jvm7jfj_000000gn/T//ccJ6KNzi.s:281    .text.USART0_IRQHandler:000000000000002e .L0 
/var/folders/rt/4gvqv631095f64jvm7jfj_000000gn/T//ccJ6KNzi.s:283    .text.USART0_IRQHandler:000000000000002e .L0 
/var/folders/rt/4gvqv631095f64jvm7jfj_000000gn/T//ccJ6KNzi.s:286    .text.USART0_IRQHandler:0000000000000030 .L0 
/var/folders/rt/4gvqv631095f64jvm7jfj_000000gn/T//ccJ6KNzi.s:287    .text.USART0_IRQHandler:0000000000000032 .L0 
/var/folders/rt/4gvqv631095f64jvm7jfj_000000gn/T//ccJ6KNzi.s:289    .text.USART0_IRQHandler:0000000000000034 .L0 
/var/folders/rt/4gvqv631095f64jvm7jfj_000000gn/T//ccJ6KNzi.s:291    .text.USART0_IRQHandler:0000000000000036 .L0 
/var/folders/rt/4gvqv631095f64jvm7jfj_000000gn/T//ccJ6KNzi.s:293    .text.USART0_IRQHandler:0000000000000038 .L0 
/var/folders/rt/4gvqv631095f64jvm7jfj_000000gn/T//ccJ6KNzi.s:295    .text.USART0_IRQHandler:000000000000003a .L0 
/var/folders/rt/4gvqv631095f64jvm7jfj_000000gn/T//ccJ6KNzi.s:297    .text.USART0_IRQHandler:000000000000003c .L0 
/var/folders/rt/4gvqv631095f64jvm7jfj_000000gn/T//ccJ6KNzi.s:299    .text.USART0_IRQHandler:000000000000003e .L0 
/var/folders/rt/4gvqv631095f64jvm7jfj_000000gn/T//ccJ6KNzi.s:301    .text.USART0_IRQHandler:0000000000000040 .L0 
/var/folders/rt/4gvqv631095f64jvm7jfj_000000gn/T//ccJ6KNzi.s:303    .text.USART0_IRQHandler:0000000000000042 .L0 
/var/folders/rt/4gvqv631095f64jvm7jfj_000000gn/T//ccJ6KNzi.s:305    .text.USART0_IRQHandler:0000000000000044 .L0 
/var/folders/rt/4gvqv631095f64jvm7jfj_000000gn/T//ccJ6KNzi.s:307    .text.USART0_IRQHandler:0000000000000046 .L0 
/var/folders/rt/4gvqv631095f64jvm7jfj_000000gn/T//ccJ6KNzi.s:309    .text.USART0_IRQHandler:0000000000000048 .L0 
/var/folders/rt/4gvqv631095f64jvm7jfj_000000gn/T//ccJ6KNzi.s:311    .text.USART0_IRQHandler:000000000000004a .L0 
/var/folders/rt/4gvqv631095f64jvm7jfj_000000gn/T//ccJ6KNzi.s:313    .text.USART0_IRQHandler:000000000000004c .L0 
/var/folders/rt/4gvqv631095f64jvm7jfj_000000gn/T//ccJ6KNzi.s:315    .text.USART0_IRQHandler:000000000000004e .L0 
/var/folders/rt/4gvqv631095f64jvm7jfj_000000gn/T//ccJ6KNzi.s:317    .text.USART0_IRQHandler:0000000000000050 .L0 
/var/folders/rt/4gvqv631095f64jvm7jfj_000000gn/T//ccJ6KNzi.s:320    .text.USART0_IRQHandler:0000000000000052 .L0 
/var/folders/rt/4gvqv631095f64jvm7jfj_000000gn/T//ccJ6KNzi.s:322    .text.USART0_IRQHandler:0000000000000056 .L0 
/var/folders/rt/4gvqv631095f64jvm7jfj_000000gn/T//ccJ6KNzi.s:329    .text.TIMER4_IRQHandler:0000000000000000 TIMER4_IRQHandler
/var/folders/rt/4gvqv631095f64jvm7jfj_000000gn/T//ccJ6KNzi.s:332    .text.TIMER4_IRQHandler:0000000000000000 .L0 
/var/folders/rt/4gvqv631095f64jvm7jfj_000000gn/T//ccJ6KNzi.s:333    .text.TIMER4_IRQHandler:0000000000000000 .L0 
/var/folders/rt/4gvqv631095f64jvm7jfj_000000gn/T//ccJ6KNzi.s:334    .text.TIMER4_IRQHandler:0000000000000000 .L0 
/var/folders/rt/4gvqv631095f64jvm7jfj_000000gn/T//ccJ6KNzi.s:335    .text.TIMER4_IRQHandler:0000000000000000 .L0 
/var/folders/rt/4gvqv631095f64jvm7jfj_000000gn/T//ccJ6KNzi.s:337    .text.TIMER4_IRQHandler:0000000000000002 .L0 
/var/folders/rt/4gvqv631095f64jvm7jfj_000000gn/T//ccJ6KNzi.s:339    .text.TIMER4_IRQHandler:0000000000000004 .L0 
/var/folders/rt/4gvqv631095f64jvm7jfj_000000gn/T//ccJ6KNzi.s:341    .text.TIMER4_IRQHandler:0000000000000004 .L0 
/var/folders/rt/4gvqv631095f64jvm7jfj_000000gn/T//ccJ6KNzi.s:344    .text.TIMER4_IRQHandler:000000000000000c .L0 
/var/folders/rt/4gvqv631095f64jvm7jfj_000000gn/T//ccJ6KNzi.s:347    .text.TIMER4_IRQHandler:0000000000000010 .L0 
/var/folders/rt/4gvqv631095f64jvm7jfj_000000gn/T//ccJ6KNzi.s:349    .text.TIMER4_IRQHandler:0000000000000014 .L0 
/var/folders/rt/4gvqv631095f64jvm7jfj_000000gn/T//ccJ6KNzi.s:362    .text.TIMER4_IRQHandler:000000000000002e .L0 
/var/folders/rt/4gvqv631095f64jvm7jfj_000000gn/T//ccJ6KNzi.s:363    .text.TIMER4_IRQHandler:000000000000002e .L0 
/var/folders/rt/4gvqv631095f64jvm7jfj_000000gn/T//ccJ6KNzi.s:364    .text.TIMER4_IRQHandler:000000000000002e .L0 
/var/folders/rt/4gvqv631095f64jvm7jfj_000000gn/T//ccJ6KNzi.s:365    .text.TIMER4_IRQHandler:000000000000002e .L0 
/var/folders/rt/4gvqv631095f64jvm7jfj_000000gn/T//ccJ6KNzi.s:366    .text.TIMER4_IRQHandler:000000000000002e .L0 
/var/folders/rt/4gvqv631095f64jvm7jfj_000000gn/T//ccJ6KNzi.s:367    .text.TIMER4_IRQHandler:000000000000002e .L0 
/var/folders/rt/4gvqv631095f64jvm7jfj_000000gn/T//ccJ6KNzi.s:368    .text.TIMER4_IRQHandler:000000000000002e .L0 
/var/folders/rt/4gvqv631095f64jvm7jfj_000000gn/T//ccJ6KNzi.s:369    .text.TIMER4_IRQHandler:000000000000002e .L0 
/var/folders/rt/4gvqv631095f64jvm7jfj_000000gn/T//ccJ6KNzi.s:370    .text.TIMER4_IRQHandler:000000000000002e .L0 
/var/folders/rt/4gvqv631095f64jvm7jfj_000000gn/T//ccJ6KNzi.s:371    .text.TIMER4_IRQHandler:000000000000002e .L0 
/var/folders/rt/4gvqv631095f64jvm7jfj_000000gn/T//ccJ6KNzi.s:372    .text.TIMER4_IRQHandler:000000000000002e .L0 
/var/folders/rt/4gvqv631095f64jvm7jfj_000000gn/T//ccJ6KNzi.s:373    .text.TIMER4_IRQHandler:000000000000002e .L0 
/var/folders/rt/4gvqv631095f64jvm7jfj_000000gn/T//ccJ6KNzi.s:374    .text.TIMER4_IRQHandler:000000000000002e .L0 
/var/folders/rt/4gvqv631095f64jvm7jfj_000000gn/T//ccJ6KNzi.s:375    .text.TIMER4_IRQHandler:000000000000002e .L0 
/var/folders/rt/4gvqv631095f64jvm7jfj_000000gn/T//ccJ6KNzi.s:376    .text.TIMER4_IRQHandler:000000000000002e .L0 
/var/folders/rt/4gvqv631095f64jvm7jfj_000000gn/T//ccJ6KNzi.s:378    .text.TIMER4_IRQHandler:000000000000002e .L0 
/var/folders/rt/4gvqv631095f64jvm7jfj_000000gn/T//ccJ6KNzi.s:381    .text.TIMER4_IRQHandler:0000000000000030 .L0 
/var/folders/rt/4gvqv631095f64jvm7jfj_000000gn/T//ccJ6KNzi.s:382    .text.TIMER4_IRQHandler:0000000000000032 .L0 
/var/folders/rt/4gvqv631095f64jvm7jfj_000000gn/T//ccJ6KNzi.s:384    .text.TIMER4_IRQHandler:0000000000000034 .L0 
GAS LISTING /var/folders/rt/4gvqv631095f64jvm7jfj_000000gn/T//ccJ6KNzi.s 			page 13


/var/folders/rt/4gvqv631095f64jvm7jfj_000000gn/T//ccJ6KNzi.s:386    .text.TIMER4_IRQHandler:0000000000000036 .L0 
/var/folders/rt/4gvqv631095f64jvm7jfj_000000gn/T//ccJ6KNzi.s:388    .text.TIMER4_IRQHandler:0000000000000038 .L0 
/var/folders/rt/4gvqv631095f64jvm7jfj_000000gn/T//ccJ6KNzi.s:390    .text.TIMER4_IRQHandler:000000000000003a .L0 
/var/folders/rt/4gvqv631095f64jvm7jfj_000000gn/T//ccJ6KNzi.s:392    .text.TIMER4_IRQHandler:000000000000003c .L0 
/var/folders/rt/4gvqv631095f64jvm7jfj_000000gn/T//ccJ6KNzi.s:394    .text.TIMER4_IRQHandler:000000000000003e .L0 
/var/folders/rt/4gvqv631095f64jvm7jfj_000000gn/T//ccJ6KNzi.s:396    .text.TIMER4_IRQHandler:0000000000000040 .L0 
/var/folders/rt/4gvqv631095f64jvm7jfj_000000gn/T//ccJ6KNzi.s:398    .text.TIMER4_IRQHandler:0000000000000042 .L0 
/var/folders/rt/4gvqv631095f64jvm7jfj_000000gn/T//ccJ6KNzi.s:400    .text.TIMER4_IRQHandler:0000000000000044 .L0 
/var/folders/rt/4gvqv631095f64jvm7jfj_000000gn/T//ccJ6KNzi.s:402    .text.TIMER4_IRQHandler:0000000000000046 .L0 
/var/folders/rt/4gvqv631095f64jvm7jfj_000000gn/T//ccJ6KNzi.s:404    .text.TIMER4_IRQHandler:0000000000000048 .L0 
/var/folders/rt/4gvqv631095f64jvm7jfj_000000gn/T//ccJ6KNzi.s:406    .text.TIMER4_IRQHandler:000000000000004a .L0 
/var/folders/rt/4gvqv631095f64jvm7jfj_000000gn/T//ccJ6KNzi.s:408    .text.TIMER4_IRQHandler:000000000000004c .L0 
/var/folders/rt/4gvqv631095f64jvm7jfj_000000gn/T//ccJ6KNzi.s:410    .text.TIMER4_IRQHandler:000000000000004e .L0 
/var/folders/rt/4gvqv631095f64jvm7jfj_000000gn/T//ccJ6KNzi.s:412    .text.TIMER4_IRQHandler:0000000000000050 .L0 
/var/folders/rt/4gvqv631095f64jvm7jfj_000000gn/T//ccJ6KNzi.s:415    .text.TIMER4_IRQHandler:0000000000000052 .L0 
/var/folders/rt/4gvqv631095f64jvm7jfj_000000gn/T//ccJ6KNzi.s:417    .text.TIMER4_IRQHandler:0000000000000056 .L0 
/var/folders/rt/4gvqv631095f64jvm7jfj_000000gn/T//ccJ6KNzi.s:422    .sbss.jtbl:0000000000000000 .LANCHOR1
/var/folders/rt/4gvqv631095f64jvm7jfj_000000gn/T//ccJ6KNzi.s:425    .sbss.jtbl:0000000000000000 jtbl
/var/folders/rt/4gvqv631095f64jvm7jfj_000000gn/T//ccJ6KNzi.s:429    .sbss.max_irqn:0000000000000000 .LANCHOR0
/var/folders/rt/4gvqv631095f64jvm7jfj_000000gn/T//ccJ6KNzi.s:432    .sbss.max_irqn:0000000000000000 max_irqn
/var/folders/rt/4gvqv631095f64jvm7jfj_000000gn/T//ccJ6KNzi.s:135    .text.eclicw_enable:00000000000000b0 .L0 
/var/folders/rt/4gvqv631095f64jvm7jfj_000000gn/T//ccJ6KNzi.s:230    .text.eclic_mtip_handler:0000000000000054 .L0 
/var/folders/rt/4gvqv631095f64jvm7jfj_000000gn/T//ccJ6KNzi.s:325    .text.USART0_IRQHandler:0000000000000056 .L0 
/var/folders/rt/4gvqv631095f64jvm7jfj_000000gn/T//ccJ6KNzi.s:420    .text.TIMER4_IRQHandler:0000000000000056 .L0 
                     .debug_frame:0000000000000000 .L0 
/var/folders/rt/4gvqv631095f64jvm7jfj_000000gn/T//ccJ6KNzi.s:82     .text.eclicw_enable:0000000000000062 .L2
/var/folders/rt/4gvqv631095f64jvm7jfj_000000gn/T//ccJ6KNzi.s:2323   .debug_abbrev:0000000000000000 .Ldebug_abbrev0
/var/folders/rt/4gvqv631095f64jvm7jfj_000000gn/T//ccJ6KNzi.s:3437   .debug_str:00000000000007c2 .LASF210
/var/folders/rt/4gvqv631095f64jvm7jfj_000000gn/T//ccJ6KNzi.s:3249   .debug_str:00000000000003d2 .LASF211
/var/folders/rt/4gvqv631095f64jvm7jfj_000000gn/T//ccJ6KNzi.s:3441   .debug_str:000000000000085c .LASF212
/var/folders/rt/4gvqv631095f64jvm7jfj_000000gn/T//ccJ6KNzi.s:3071   .debug_ranges:0000000000000000 .Ldebug_ranges0
/var/folders/rt/4gvqv631095f64jvm7jfj_000000gn/T//ccJ6KNzi.s:3083   .debug_line:0000000000000000 .Ldebug_line0
/var/folders/rt/4gvqv631095f64jvm7jfj_000000gn/T//ccJ6KNzi.s:3421   .debug_str:0000000000000778 .LASF0
/var/folders/rt/4gvqv631095f64jvm7jfj_000000gn/T//ccJ6KNzi.s:3443   .debug_str:000000000000089f .LASF1
/var/folders/rt/4gvqv631095f64jvm7jfj_000000gn/T//ccJ6KNzi.s:3183   .debug_str:0000000000000255 .LASF2
/var/folders/rt/4gvqv631095f64jvm7jfj_000000gn/T//ccJ6KNzi.s:3409   .debug_str:0000000000000745 .LASF3
/var/folders/rt/4gvqv631095f64jvm7jfj_000000gn/T//ccJ6KNzi.s:3395   .debug_str:0000000000000706 .LASF5
/var/folders/rt/4gvqv631095f64jvm7jfj_000000gn/T//ccJ6KNzi.s:3141   .debug_str:000000000000016d .LASF4
/var/folders/rt/4gvqv631095f64jvm7jfj_000000gn/T//ccJ6KNzi.s:3103   .debug_str:0000000000000076 .LASF6
/var/folders/rt/4gvqv631095f64jvm7jfj_000000gn/T//ccJ6KNzi.s:3445   .debug_str:00000000000008b2 .LASF7
/var/folders/rt/4gvqv631095f64jvm7jfj_000000gn/T//ccJ6KNzi.s:3087   .debug_str:000000000000000c .LASF8
/var/folders/rt/4gvqv631095f64jvm7jfj_000000gn/T//ccJ6KNzi.s:3165   .debug_str:00000000000001f0 .LASF9
/var/folders/rt/4gvqv631095f64jvm7jfj_000000gn/T//ccJ6KNzi.s:3429   .debug_str:000000000000079e .LASF10
/var/folders/rt/4gvqv631095f64jvm7jfj_000000gn/T//ccJ6KNzi.s:3235   .debug_str:0000000000000380 .LASF11
/var/folders/rt/4gvqv631095f64jvm7jfj_000000gn/T//ccJ6KNzi.s:3113   .debug_str:00000000000000b7 .LASF12
/var/folders/rt/4gvqv631095f64jvm7jfj_000000gn/T//ccJ6KNzi.s:3137   .debug_str:000000000000015f .LASF13
/var/folders/rt/4gvqv631095f64jvm7jfj_000000gn/T//ccJ6KNzi.s:3407   .debug_str:000000000000073d .LASF14
/var/folders/rt/4gvqv631095f64jvm7jfj_000000gn/T//ccJ6KNzi.s:3477   .debug_str:000000000000095c .LASF15
/var/folders/rt/4gvqv631095f64jvm7jfj_000000gn/T//ccJ6KNzi.s:3269   .debug_str:0000000000000447 .LASF16
/var/folders/rt/4gvqv631095f64jvm7jfj_000000gn/T//ccJ6KNzi.s:3225   .debug_str:0000000000000346 .LASF17
/var/folders/rt/4gvqv631095f64jvm7jfj_000000gn/T//ccJ6KNzi.s:3397   .debug_str:000000000000070d .LASF18
/var/folders/rt/4gvqv631095f64jvm7jfj_000000gn/T//ccJ6KNzi.s:3399   .debug_str:0000000000000715 .LASF19
/var/folders/rt/4gvqv631095f64jvm7jfj_000000gn/T//ccJ6KNzi.s:3369   .debug_str:0000000000000688 .LASF20
/var/folders/rt/4gvqv631095f64jvm7jfj_000000gn/T//ccJ6KNzi.s:3453   .debug_str:00000000000008db .LASF21
/var/folders/rt/4gvqv631095f64jvm7jfj_000000gn/T//ccJ6KNzi.s:3335   .debug_str:00000000000005c3 .LASF22
/var/folders/rt/4gvqv631095f64jvm7jfj_000000gn/T//ccJ6KNzi.s:3355   .debug_str:0000000000000641 .LASF23
/var/folders/rt/4gvqv631095f64jvm7jfj_000000gn/T//ccJ6KNzi.s:3213   .debug_str:0000000000000301 .LASF28
GAS LISTING /var/folders/rt/4gvqv631095f64jvm7jfj_000000gn/T//ccJ6KNzi.s 			page 14


/var/folders/rt/4gvqv631095f64jvm7jfj_000000gn/T//ccJ6KNzi.s:3431   .debug_str:00000000000007a9 .LASF24
/var/folders/rt/4gvqv631095f64jvm7jfj_000000gn/T//ccJ6KNzi.s:3389   .debug_str:00000000000006f1 .LASF25
/var/folders/rt/4gvqv631095f64jvm7jfj_000000gn/T//ccJ6KNzi.s:3207   .debug_str:00000000000002e7 .LASF26
/var/folders/rt/4gvqv631095f64jvm7jfj_000000gn/T//ccJ6KNzi.s:3471   .debug_str:000000000000093e .LASF27
/var/folders/rt/4gvqv631095f64jvm7jfj_000000gn/T//ccJ6KNzi.s:3189   .debug_str:000000000000027a .LASF29
/var/folders/rt/4gvqv631095f64jvm7jfj_000000gn/T//ccJ6KNzi.s:3133   .debug_str:0000000000000148 .LASF30
/var/folders/rt/4gvqv631095f64jvm7jfj_000000gn/T//ccJ6KNzi.s:3447   .debug_str:00000000000008c0 .LASF31
/var/folders/rt/4gvqv631095f64jvm7jfj_000000gn/T//ccJ6KNzi.s:3401   .debug_str:000000000000071d .LASF32
/var/folders/rt/4gvqv631095f64jvm7jfj_000000gn/T//ccJ6KNzi.s:3513   .debug_str:0000000000000a2a .LASF33
/var/folders/rt/4gvqv631095f64jvm7jfj_000000gn/T//ccJ6KNzi.s:3315   .debug_str:0000000000000547 .LASF34
/var/folders/rt/4gvqv631095f64jvm7jfj_000000gn/T//ccJ6KNzi.s:3289   .debug_str:00000000000004ae .LASF35
/var/folders/rt/4gvqv631095f64jvm7jfj_000000gn/T//ccJ6KNzi.s:3405   .debug_str:0000000000000733 .LASF36
/var/folders/rt/4gvqv631095f64jvm7jfj_000000gn/T//ccJ6KNzi.s:3357   .debug_str:000000000000064a .LASF37
/var/folders/rt/4gvqv631095f64jvm7jfj_000000gn/T//ccJ6KNzi.s:3495   .debug_str:00000000000009bb .LASF38
/var/folders/rt/4gvqv631095f64jvm7jfj_000000gn/T//ccJ6KNzi.s:3153   .debug_str:00000000000001a8 .LASF39
/var/folders/rt/4gvqv631095f64jvm7jfj_000000gn/T//ccJ6KNzi.s:3425   .debug_str:000000000000078e .LASF40
/var/folders/rt/4gvqv631095f64jvm7jfj_000000gn/T//ccJ6KNzi.s:3085   .debug_str:0000000000000000 .LASF41
/var/folders/rt/4gvqv631095f64jvm7jfj_000000gn/T//ccJ6KNzi.s:3423   .debug_str:0000000000000785 .LASF42
/var/folders/rt/4gvqv631095f64jvm7jfj_000000gn/T//ccJ6KNzi.s:3171   .debug_str:0000000000000209 .LASF43
/var/folders/rt/4gvqv631095f64jvm7jfj_000000gn/T//ccJ6KNzi.s:3317   .debug_str:0000000000000550 .LASF44
/var/folders/rt/4gvqv631095f64jvm7jfj_000000gn/T//ccJ6KNzi.s:3239   .debug_str:00000000000003a1 .LASF45
/var/folders/rt/4gvqv631095f64jvm7jfj_000000gn/T//ccJ6KNzi.s:3203   .debug_str:00000000000002d8 .LASF46
/var/folders/rt/4gvqv631095f64jvm7jfj_000000gn/T//ccJ6KNzi.s:3361   .debug_str:000000000000065f .LASF47
/var/folders/rt/4gvqv631095f64jvm7jfj_000000gn/T//ccJ6KNzi.s:3145   .debug_str:000000000000017f .LASF48
/var/folders/rt/4gvqv631095f64jvm7jfj_000000gn/T//ccJ6KNzi.s:3419   .debug_str:0000000000000772 .LASF49
/var/folders/rt/4gvqv631095f64jvm7jfj_000000gn/T//ccJ6KNzi.s:3371   .debug_str:0000000000000693 .LASF50
/var/folders/rt/4gvqv631095f64jvm7jfj_000000gn/T//ccJ6KNzi.s:3169   .debug_str:0000000000000202 .LASF51
/var/folders/rt/4gvqv631095f64jvm7jfj_000000gn/T//ccJ6KNzi.s:3469   .debug_str:0000000000000938 .LASF52
/var/folders/rt/4gvqv631095f64jvm7jfj_000000gn/T//ccJ6KNzi.s:3115   .debug_str:00000000000000ce .LASF53
/var/folders/rt/4gvqv631095f64jvm7jfj_000000gn/T//ccJ6KNzi.s:3155   .debug_str:00000000000001b6 .LASF54
/var/folders/rt/4gvqv631095f64jvm7jfj_000000gn/T//ccJ6KNzi.s:3219   .debug_str:0000000000000324 .LASF55
/var/folders/rt/4gvqv631095f64jvm7jfj_000000gn/T//ccJ6KNzi.s:3287   .debug_str:00000000000004a7 .LASF56
/var/folders/rt/4gvqv631095f64jvm7jfj_000000gn/T//ccJ6KNzi.s:3435   .debug_str:00000000000007bc .LASF57
/var/folders/rt/4gvqv631095f64jvm7jfj_000000gn/T//ccJ6KNzi.s:3139   .debug_str:0000000000000166 .LASF58
/var/folders/rt/4gvqv631095f64jvm7jfj_000000gn/T//ccJ6KNzi.s:3143   .debug_str:0000000000000179 .LASF59
/var/folders/rt/4gvqv631095f64jvm7jfj_000000gn/T//ccJ6KNzi.s:3489   .debug_str:000000000000099c .LASF60
/var/folders/rt/4gvqv631095f64jvm7jfj_000000gn/T//ccJ6KNzi.s:3415   .debug_str:000000000000075d .LASF61
/var/folders/rt/4gvqv631095f64jvm7jfj_000000gn/T//ccJ6KNzi.s:3297   .debug_str:00000000000004d9 .LASF62
/var/folders/rt/4gvqv631095f64jvm7jfj_000000gn/T//ccJ6KNzi.s:3241   .debug_str:00000000000003a6 .LASF63
/var/folders/rt/4gvqv631095f64jvm7jfj_000000gn/T//ccJ6KNzi.s:3279   .debug_str:0000000000000479 .LASF64
/var/folders/rt/4gvqv631095f64jvm7jfj_000000gn/T//ccJ6KNzi.s:3373   .debug_str:000000000000069b .LASF65
/var/folders/rt/4gvqv631095f64jvm7jfj_000000gn/T//ccJ6KNzi.s:3363   .debug_str:0000000000000666 .LASF66
/var/folders/rt/4gvqv631095f64jvm7jfj_000000gn/T//ccJ6KNzi.s:3391   .debug_str:00000000000006f9 .LASF67
/var/folders/rt/4gvqv631095f64jvm7jfj_000000gn/T//ccJ6KNzi.s:3411   .debug_str:0000000000000751 .LASF68
/var/folders/rt/4gvqv631095f64jvm7jfj_000000gn/T//ccJ6KNzi.s:3173   .debug_str:0000000000000211 .LASF69
/var/folders/rt/4gvqv631095f64jvm7jfj_000000gn/T//ccJ6KNzi.s:3229   .debug_str:000000000000035d .LASF70
/var/folders/rt/4gvqv631095f64jvm7jfj_000000gn/T//ccJ6KNzi.s:3211   .debug_str:00000000000002f9 .LASF71
/var/folders/rt/4gvqv631095f64jvm7jfj_000000gn/T//ccJ6KNzi.s:3379   .debug_str:00000000000006b4 .LASF72
/var/folders/rt/4gvqv631095f64jvm7jfj_000000gn/T//ccJ6KNzi.s:3313   .debug_str:000000000000053c .LASF73
/var/folders/rt/4gvqv631095f64jvm7jfj_000000gn/T//ccJ6KNzi.s:3387   .debug_str:00000000000006d8 .LASF74
/var/folders/rt/4gvqv631095f64jvm7jfj_000000gn/T//ccJ6KNzi.s:3383   .debug_str:00000000000006c6 .LASF75
/var/folders/rt/4gvqv631095f64jvm7jfj_000000gn/T//ccJ6KNzi.s:3321   .debug_str:0000000000000562 .LASF76
/var/folders/rt/4gvqv631095f64jvm7jfj_000000gn/T//ccJ6KNzi.s:3385   .debug_str:00000000000006ce .LASF77
/var/folders/rt/4gvqv631095f64jvm7jfj_000000gn/T//ccJ6KNzi.s:3267   .debug_str:000000000000043f .LASF78
/var/folders/rt/4gvqv631095f64jvm7jfj_000000gn/T//ccJ6KNzi.s:3177   .debug_str:0000000000000225 .LASF79
/var/folders/rt/4gvqv631095f64jvm7jfj_000000gn/T//ccJ6KNzi.s:3507   .debug_str:0000000000000a08 .LASF80
/var/folders/rt/4gvqv631095f64jvm7jfj_000000gn/T//ccJ6KNzi.s:3333   .debug_str:00000000000005b9 .LASF81
GAS LISTING /var/folders/rt/4gvqv631095f64jvm7jfj_000000gn/T//ccJ6KNzi.s 			page 15


/var/folders/rt/4gvqv631095f64jvm7jfj_000000gn/T//ccJ6KNzi.s:3233   .debug_str:0000000000000378 .LASF82
/var/folders/rt/4gvqv631095f64jvm7jfj_000000gn/T//ccJ6KNzi.s:3187   .debug_str:0000000000000272 .LASF83
/var/folders/rt/4gvqv631095f64jvm7jfj_000000gn/T//ccJ6KNzi.s:3275   .debug_str:0000000000000460 .LASF84
/var/folders/rt/4gvqv631095f64jvm7jfj_000000gn/T//ccJ6KNzi.s:3105   .debug_str:0000000000000080 .LASF85
/var/folders/rt/4gvqv631095f64jvm7jfj_000000gn/T//ccJ6KNzi.s:3483   .debug_str:0000000000000975 .LASF86
/var/folders/rt/4gvqv631095f64jvm7jfj_000000gn/T//ccJ6KNzi.s:3163   .debug_str:00000000000001e8 .LASF87
/var/folders/rt/4gvqv631095f64jvm7jfj_000000gn/T//ccJ6KNzi.s:3151   .debug_str:00000000000001a3 .LASF88
/var/folders/rt/4gvqv631095f64jvm7jfj_000000gn/T//ccJ6KNzi.s:3413   .debug_str:0000000000000758 .LASF89
/var/folders/rt/4gvqv631095f64jvm7jfj_000000gn/T//ccJ6KNzi.s:3367   .debug_str:0000000000000681 .LASF90
/var/folders/rt/4gvqv631095f64jvm7jfj_000000gn/T//ccJ6KNzi.s:3473   .debug_str:0000000000000943 .LASF91
/var/folders/rt/4gvqv631095f64jvm7jfj_000000gn/T//ccJ6KNzi.s:3245   .debug_str:00000000000003c5 .LASF92
/var/folders/rt/4gvqv631095f64jvm7jfj_000000gn/T//ccJ6KNzi.s:3347   .debug_str:0000000000000613 .LASF93
/var/folders/rt/4gvqv631095f64jvm7jfj_000000gn/T//ccJ6KNzi.s:3097   .debug_str:000000000000004a .LASF94
/var/folders/rt/4gvqv631095f64jvm7jfj_000000gn/T//ccJ6KNzi.s:3393   .debug_str:0000000000000700 .LASF95
/var/folders/rt/4gvqv631095f64jvm7jfj_000000gn/T//ccJ6KNzi.s:3281   .debug_str:000000000000047f .LASF96
/var/folders/rt/4gvqv631095f64jvm7jfj_000000gn/T//ccJ6KNzi.s:3449   .debug_str:00000000000008c9 .LASF97
/var/folders/rt/4gvqv631095f64jvm7jfj_000000gn/T//ccJ6KNzi.s:3463   .debug_str:0000000000000911 .LASF98
/var/folders/rt/4gvqv631095f64jvm7jfj_000000gn/T//ccJ6KNzi.s:3381   .debug_str:00000000000006b9 .LASF99
/var/folders/rt/4gvqv631095f64jvm7jfj_000000gn/T//ccJ6KNzi.s:3259   .debug_str:0000000000000413 .LASF100
/var/folders/rt/4gvqv631095f64jvm7jfj_000000gn/T//ccJ6KNzi.s:3497   .debug_str:00000000000009c6 .LASF101
/var/folders/rt/4gvqv631095f64jvm7jfj_000000gn/T//ccJ6KNzi.s:3323   .debug_str:000000000000056d .LASF102
/var/folders/rt/4gvqv631095f64jvm7jfj_000000gn/T//ccJ6KNzi.s:3251   .debug_str:00000000000003ea .LASF103
/var/folders/rt/4gvqv631095f64jvm7jfj_000000gn/T//ccJ6KNzi.s:3501   .debug_str:00000000000009e8 .LASF104
/var/folders/rt/4gvqv631095f64jvm7jfj_000000gn/T//ccJ6KNzi.s:3339   .debug_str:00000000000005e1 .LASF105
/var/folders/rt/4gvqv631095f64jvm7jfj_000000gn/T//ccJ6KNzi.s:3505   .debug_str:00000000000009fa .LASF106
/var/folders/rt/4gvqv631095f64jvm7jfj_000000gn/T//ccJ6KNzi.s:3131   .debug_str:000000000000013a .LASF107
/var/folders/rt/4gvqv631095f64jvm7jfj_000000gn/T//ccJ6KNzi.s:3479   .debug_str:0000000000000965 .LASF108
/var/folders/rt/4gvqv631095f64jvm7jfj_000000gn/T//ccJ6KNzi.s:3257   .debug_str:0000000000000407 .LASF109
/var/folders/rt/4gvqv631095f64jvm7jfj_000000gn/T//ccJ6KNzi.s:3455   .debug_str:00000000000008e3 .LASF110
/var/folders/rt/4gvqv631095f64jvm7jfj_000000gn/T//ccJ6KNzi.s:3197   .debug_str:00000000000002a5 .LASF111
/var/folders/rt/4gvqv631095f64jvm7jfj_000000gn/T//ccJ6KNzi.s:3125   .debug_str:000000000000010b .LASF112
/var/folders/rt/4gvqv631095f64jvm7jfj_000000gn/T//ccJ6KNzi.s:3217   .debug_str:0000000000000313 .LASF113
/var/folders/rt/4gvqv631095f64jvm7jfj_000000gn/T//ccJ6KNzi.s:3107   .debug_str:0000000000000089 .LASF114
/var/folders/rt/4gvqv631095f64jvm7jfj_000000gn/T//ccJ6KNzi.s:3109   .debug_str:0000000000000098 .LASF115
/var/folders/rt/4gvqv631095f64jvm7jfj_000000gn/T//ccJ6KNzi.s:3353   .debug_str:0000000000000638 .LASF116
/var/folders/rt/4gvqv631095f64jvm7jfj_000000gn/T//ccJ6KNzi.s:3303   .debug_str:00000000000004fb .LASF117
/var/folders/rt/4gvqv631095f64jvm7jfj_000000gn/T//ccJ6KNzi.s:3293   .debug_str:00000000000004bd .LASF118
/var/folders/rt/4gvqv631095f64jvm7jfj_000000gn/T//ccJ6KNzi.s:3491   .debug_str:00000000000009a2 .LASF119
/var/folders/rt/4gvqv631095f64jvm7jfj_000000gn/T//ccJ6KNzi.s:3121   .debug_str:00000000000000f5 .LASF213
/var/folders/rt/4gvqv631095f64jvm7jfj_000000gn/T//ccJ6KNzi.s:3209   .debug_str:00000000000002ed .LASF120
/var/folders/rt/4gvqv631095f64jvm7jfj_000000gn/T//ccJ6KNzi.s:3459   .debug_str:00000000000008f5 .LASF121
/var/folders/rt/4gvqv631095f64jvm7jfj_000000gn/T//ccJ6KNzi.s:3319   .debug_str:0000000000000558 .LASF122
/var/folders/rt/4gvqv631095f64jvm7jfj_000000gn/T//ccJ6KNzi.s:3291   .debug_str:00000000000004b8 .LASF214
/var/folders/rt/4gvqv631095f64jvm7jfj_000000gn/T//ccJ6KNzi.s:3201   .debug_str:00000000000002c6 .LASF123
/var/folders/rt/4gvqv631095f64jvm7jfj_000000gn/T//ccJ6KNzi.s:3511   .debug_str:0000000000000a1d .LASF124
/var/folders/rt/4gvqv631095f64jvm7jfj_000000gn/T//ccJ6KNzi.s:3451   .debug_str:00000000000008ce .LASF125
/var/folders/rt/4gvqv631095f64jvm7jfj_000000gn/T//ccJ6KNzi.s:3195   .debug_str:0000000000000297 .LASF126
/var/folders/rt/4gvqv631095f64jvm7jfj_000000gn/T//ccJ6KNzi.s:3285   .debug_str:0000000000000498 .LASF127
/var/folders/rt/4gvqv631095f64jvm7jfj_000000gn/T//ccJ6KNzi.s:3263   .debug_str:000000000000042b .LASF128
/var/folders/rt/4gvqv631095f64jvm7jfj_000000gn/T//ccJ6KNzi.s:3375   .debug_str:00000000000006a4 .LASF129
/var/folders/rt/4gvqv631095f64jvm7jfj_000000gn/T//ccJ6KNzi.s:3327   .debug_str:000000000000058f .LASF130
/var/folders/rt/4gvqv631095f64jvm7jfj_000000gn/T//ccJ6KNzi.s:3265   .debug_str:0000000000000436 .LASF131
/var/folders/rt/4gvqv631095f64jvm7jfj_000000gn/T//ccJ6KNzi.s:3485   .debug_str:000000000000097f .LASF132
/var/folders/rt/4gvqv631095f64jvm7jfj_000000gn/T//ccJ6KNzi.s:3349   .debug_str:0000000000000619 .LASF133
/var/folders/rt/4gvqv631095f64jvm7jfj_000000gn/T//ccJ6KNzi.s:3465   .debug_str:000000000000091e .LASF134
/var/folders/rt/4gvqv631095f64jvm7jfj_000000gn/T//ccJ6KNzi.s:3515   .debug_str:0000000000000a34 .LASF135
/var/folders/rt/4gvqv631095f64jvm7jfj_000000gn/T//ccJ6KNzi.s:3123   .debug_str:0000000000000100 .LASF136
GAS LISTING /var/folders/rt/4gvqv631095f64jvm7jfj_000000gn/T//ccJ6KNzi.s 			page 16


/var/folders/rt/4gvqv631095f64jvm7jfj_000000gn/T//ccJ6KNzi.s:3307   .debug_str:0000000000000512 .LASF137
/var/folders/rt/4gvqv631095f64jvm7jfj_000000gn/T//ccJ6KNzi.s:3359   .debug_str:0000000000000654 .LASF138
/var/folders/rt/4gvqv631095f64jvm7jfj_000000gn/T//ccJ6KNzi.s:3365   .debug_str:000000000000066e .LASF139
/var/folders/rt/4gvqv631095f64jvm7jfj_000000gn/T//ccJ6KNzi.s:3119   .debug_str:00000000000000e2 .LASF140
/var/folders/rt/4gvqv631095f64jvm7jfj_000000gn/T//ccJ6KNzi.s:3181   .debug_str:0000000000000242 .LASF141
/var/folders/rt/4gvqv631095f64jvm7jfj_000000gn/T//ccJ6KNzi.s:3231   .debug_str:0000000000000365 .LASF142
/var/folders/rt/4gvqv631095f64jvm7jfj_000000gn/T//ccJ6KNzi.s:3325   .debug_str:000000000000057c .LASF143
/var/folders/rt/4gvqv631095f64jvm7jfj_000000gn/T//ccJ6KNzi.s:3475   .debug_str:0000000000000949 .LASF144
/var/folders/rt/4gvqv631095f64jvm7jfj_000000gn/T//ccJ6KNzi.s:3089   .debug_str:0000000000000016 .LASF145
/var/folders/rt/4gvqv631095f64jvm7jfj_000000gn/T//ccJ6KNzi.s:3127   .debug_str:000000000000011a .LASF146
/var/folders/rt/4gvqv631095f64jvm7jfj_000000gn/T//ccJ6KNzi.s:3191   .debug_str:000000000000027f .LASF147
/var/folders/rt/4gvqv631095f64jvm7jfj_000000gn/T//ccJ6KNzi.s:3091   .debug_str:0000000000000029 .LASF148
/var/folders/rt/4gvqv631095f64jvm7jfj_000000gn/T//ccJ6KNzi.s:3135   .debug_str:0000000000000151 .LASF149
/var/folders/rt/4gvqv631095f64jvm7jfj_000000gn/T//ccJ6KNzi.s:3185   .debug_str:0000000000000263 .LASF150
/var/folders/rt/4gvqv631095f64jvm7jfj_000000gn/T//ccJ6KNzi.s:3175   .debug_str:0000000000000218 .LASF151
/var/folders/rt/4gvqv631095f64jvm7jfj_000000gn/T//ccJ6KNzi.s:3223   .debug_str:0000000000000336 .LASF152
/var/folders/rt/4gvqv631095f64jvm7jfj_000000gn/T//ccJ6KNzi.s:3147   .debug_str:0000000000000185 .LASF153
/var/folders/rt/4gvqv631095f64jvm7jfj_000000gn/T//ccJ6KNzi.s:3487   .debug_str:0000000000000988 .LASF154
/var/folders/rt/4gvqv631095f64jvm7jfj_000000gn/T//ccJ6KNzi.s:3129   .debug_str:0000000000000126 .LASF155
/var/folders/rt/4gvqv631095f64jvm7jfj_000000gn/T//ccJ6KNzi.s:3299   .debug_str:00000000000004e1 .LASF156
/var/folders/rt/4gvqv631095f64jvm7jfj_000000gn/T//ccJ6KNzi.s:3345   .debug_str:0000000000000607 .LASF157
/var/folders/rt/4gvqv631095f64jvm7jfj_000000gn/T//ccJ6KNzi.s:3417   .debug_str:0000000000000766 .LASF158
/var/folders/rt/4gvqv631095f64jvm7jfj_000000gn/T//ccJ6KNzi.s:3341   .debug_str:00000000000005ee .LASF159
/var/folders/rt/4gvqv631095f64jvm7jfj_000000gn/T//ccJ6KNzi.s:3433   .debug_str:00000000000007af .LASF160
/var/folders/rt/4gvqv631095f64jvm7jfj_000000gn/T//ccJ6KNzi.s:3101   .debug_str:0000000000000069 .LASF161
/var/folders/rt/4gvqv631095f64jvm7jfj_000000gn/T//ccJ6KNzi.s:3503   .debug_str:00000000000009ed .LASF162
/var/folders/rt/4gvqv631095f64jvm7jfj_000000gn/T//ccJ6KNzi.s:3215   .debug_str:0000000000000309 .LASF163
/var/folders/rt/4gvqv631095f64jvm7jfj_000000gn/T//ccJ6KNzi.s:3271   .debug_str:000000000000044d .LASF164
/var/folders/rt/4gvqv631095f64jvm7jfj_000000gn/T//ccJ6KNzi.s:3157   .debug_str:00000000000001be .LASF165
/var/folders/rt/4gvqv631095f64jvm7jfj_000000gn/T//ccJ6KNzi.s:3337   .debug_str:00000000000005d5 .LASF166
/var/folders/rt/4gvqv631095f64jvm7jfj_000000gn/T//ccJ6KNzi.s:3403   .debug_str:0000000000000727 .LASF167
/var/folders/rt/4gvqv631095f64jvm7jfj_000000gn/T//ccJ6KNzi.s:3467   .debug_str:0000000000000929 .LASF168
/var/folders/rt/4gvqv631095f64jvm7jfj_000000gn/T//ccJ6KNzi.s:3149   .debug_str:0000000000000194 .LASF169
/var/folders/rt/4gvqv631095f64jvm7jfj_000000gn/T//ccJ6KNzi.s:3509   .debug_str:0000000000000a0d .LASF170
/var/folders/rt/4gvqv631095f64jvm7jfj_000000gn/T//ccJ6KNzi.s:3205   .debug_str:00000000000002dd .LASF171
/var/folders/rt/4gvqv631095f64jvm7jfj_000000gn/T//ccJ6KNzi.s:3161   .debug_str:00000000000001dc .LASF172
/var/folders/rt/4gvqv631095f64jvm7jfj_000000gn/T//ccJ6KNzi.s:3309   .debug_str:000000000000051d .LASF173
/var/folders/rt/4gvqv631095f64jvm7jfj_000000gn/T//ccJ6KNzi.s:3329   .debug_str:000000000000059b .LASF174
/var/folders/rt/4gvqv631095f64jvm7jfj_000000gn/T//ccJ6KNzi.s:3193   .debug_str:000000000000028c .LASF175
/var/folders/rt/4gvqv631095f64jvm7jfj_000000gn/T//ccJ6KNzi.s:3221   .debug_str:000000000000032a .LASF176
/var/folders/rt/4gvqv631095f64jvm7jfj_000000gn/T//ccJ6KNzi.s:3343   .debug_str:00000000000005fb .LASF177
/var/folders/rt/4gvqv631095f64jvm7jfj_000000gn/T//ccJ6KNzi.s:3499   .debug_str:00000000000009d5 .LASF178
/var/folders/rt/4gvqv631095f64jvm7jfj_000000gn/T//ccJ6KNzi.s:3331   .debug_str:00000000000005a6 .LASF179
/var/folders/rt/4gvqv631095f64jvm7jfj_000000gn/T//ccJ6KNzi.s:3295   .debug_str:00000000000004c6 .LASF180
/var/folders/rt/4gvqv631095f64jvm7jfj_000000gn/T//ccJ6KNzi.s:3179   .debug_str:000000000000022f .LASF181
/var/folders/rt/4gvqv631095f64jvm7jfj_000000gn/T//ccJ6KNzi.s:3199   .debug_str:00000000000002b3 .LASF182
/var/folders/rt/4gvqv631095f64jvm7jfj_000000gn/T//ccJ6KNzi.s:3255   .debug_str:00000000000003fa .LASF183
/var/folders/rt/4gvqv631095f64jvm7jfj_000000gn/T//ccJ6KNzi.s:3093   .debug_str:0000000000000037 .LASF184
/var/folders/rt/4gvqv631095f64jvm7jfj_000000gn/T//ccJ6KNzi.s:3111   .debug_str:00000000000000a9 .LASF185
/var/folders/rt/4gvqv631095f64jvm7jfj_000000gn/T//ccJ6KNzi.s:3237   .debug_str:0000000000000392 .LASF186
/var/folders/rt/4gvqv631095f64jvm7jfj_000000gn/T//ccJ6KNzi.s:3261   .debug_str:0000000000000420 .LASF187
/var/folders/rt/4gvqv631095f64jvm7jfj_000000gn/T//ccJ6KNzi.s:3311   .debug_str:0000000000000527 .LASF188
/var/folders/rt/4gvqv631095f64jvm7jfj_000000gn/T//ccJ6KNzi.s:3427   .debug_str:0000000000000796 .LASF189
/var/folders/rt/4gvqv631095f64jvm7jfj_000000gn/T//ccJ6KNzi.s:3461   .debug_str:0000000000000908 .LASF190
/var/folders/rt/4gvqv631095f64jvm7jfj_000000gn/T//ccJ6KNzi.s:3227   .debug_str:000000000000034d .LASF191
/var/folders/rt/4gvqv631095f64jvm7jfj_000000gn/T//ccJ6KNzi.s:3481   .debug_str:000000000000096f .LASF192
/var/folders/rt/4gvqv631095f64jvm7jfj_000000gn/T//ccJ6KNzi.s:3457   .debug_str:00000000000008f0 .LASF193
GAS LISTING /var/folders/rt/4gvqv631095f64jvm7jfj_000000gn/T//ccJ6KNzi.s 			page 17


/var/folders/rt/4gvqv631095f64jvm7jfj_000000gn/T//ccJ6KNzi.s:3167   .debug_str:00000000000001f9 .LASF194
/var/folders/rt/4gvqv631095f64jvm7jfj_000000gn/T//ccJ6KNzi.s:3351   .debug_str:0000000000000626 .LASF195
/var/folders/rt/4gvqv631095f64jvm7jfj_000000gn/T//ccJ6KNzi.s:330    .text.TIMER4_IRQHandler:0000000000000000 .LFB5
/var/folders/rt/4gvqv631095f64jvm7jfj_000000gn/T//ccJ6KNzi.s:418    .text.TIMER4_IRQHandler:0000000000000056 .LFE5
/var/folders/rt/4gvqv631095f64jvm7jfj_000000gn/T//ccJ6KNzi.s:2904   .debug_loc:0000000000000000 .LLST7
/var/folders/rt/4gvqv631095f64jvm7jfj_000000gn/T//ccJ6KNzi.s:3439   .debug_str:000000000000084a .LASF196
/var/folders/rt/4gvqv631095f64jvm7jfj_000000gn/T//ccJ6KNzi.s:235    .text.USART0_IRQHandler:0000000000000000 .LFB4
/var/folders/rt/4gvqv631095f64jvm7jfj_000000gn/T//ccJ6KNzi.s:323    .text.USART0_IRQHandler:0000000000000056 .LFE4
/var/folders/rt/4gvqv631095f64jvm7jfj_000000gn/T//ccJ6KNzi.s:2922   .debug_loc:000000000000002d .LLST6
/var/folders/rt/4gvqv631095f64jvm7jfj_000000gn/T//ccJ6KNzi.s:3283   .debug_str:0000000000000485 .LASF197
/var/folders/rt/4gvqv631095f64jvm7jfj_000000gn/T//ccJ6KNzi.s:140    .text.eclic_mtip_handler:0000000000000000 .LFB3
/var/folders/rt/4gvqv631095f64jvm7jfj_000000gn/T//ccJ6KNzi.s:228    .text.eclic_mtip_handler:0000000000000054 .LFE3
/var/folders/rt/4gvqv631095f64jvm7jfj_000000gn/T//ccJ6KNzi.s:2940   .debug_loc:000000000000005a .LLST5
/var/folders/rt/4gvqv631095f64jvm7jfj_000000gn/T//ccJ6KNzi.s:3301   .debug_str:00000000000004ed .LASF215
/var/folders/rt/4gvqv631095f64jvm7jfj_000000gn/T//ccJ6KNzi.s:14     .text.eclicw_enable:0000000000000000 .LFB2
/var/folders/rt/4gvqv631095f64jvm7jfj_000000gn/T//ccJ6KNzi.s:133    .text.eclicw_enable:00000000000000b0 .LFE2
/var/folders/rt/4gvqv631095f64jvm7jfj_000000gn/T//ccJ6KNzi.s:2958   .debug_loc:0000000000000087 .LLST0
/var/folders/rt/4gvqv631095f64jvm7jfj_000000gn/T//ccJ6KNzi.s:3253   .debug_str:00000000000003f5 .LASF198
/var/folders/rt/4gvqv631095f64jvm7jfj_000000gn/T//ccJ6KNzi.s:2976   .debug_loc:00000000000000b3 .LLST1
/var/folders/rt/4gvqv631095f64jvm7jfj_000000gn/T//ccJ6KNzi.s:3247   .debug_str:00000000000003cc .LASF199
/var/folders/rt/4gvqv631095f64jvm7jfj_000000gn/T//ccJ6KNzi.s:2994   .debug_loc:00000000000000df .LLST2
/var/folders/rt/4gvqv631095f64jvm7jfj_000000gn/T//ccJ6KNzi.s:3273   .debug_str:0000000000000457 .LASF200
/var/folders/rt/4gvqv631095f64jvm7jfj_000000gn/T//ccJ6KNzi.s:3012   .debug_loc:000000000000010b .LLST3
/var/folders/rt/4gvqv631095f64jvm7jfj_000000gn/T//ccJ6KNzi.s:3095   .debug_str:0000000000000045 .LASF201
/var/folders/rt/4gvqv631095f64jvm7jfj_000000gn/T//ccJ6KNzi.s:3030   .debug_loc:0000000000000137 .LLST4
/var/folders/rt/4gvqv631095f64jvm7jfj_000000gn/T//ccJ6KNzi.s:65     .text.eclicw_enable:0000000000000040 .LVL2
/var/folders/rt/4gvqv631095f64jvm7jfj_000000gn/T//ccJ6KNzi.s:68     .text.eclicw_enable:0000000000000048 .LVL3
/var/folders/rt/4gvqv631095f64jvm7jfj_000000gn/T//ccJ6KNzi.s:75     .text.eclicw_enable:0000000000000054 .LVL4
/var/folders/rt/4gvqv631095f64jvm7jfj_000000gn/T//ccJ6KNzi.s:81     .text.eclicw_enable:0000000000000062 .LVL5
/var/folders/rt/4gvqv631095f64jvm7jfj_000000gn/T//ccJ6KNzi.s:86     .text.eclicw_enable:000000000000006c .LVL6
/var/folders/rt/4gvqv631095f64jvm7jfj_000000gn/T//ccJ6KNzi.s:92     .text.eclicw_enable:000000000000007e .LVL7
/var/folders/rt/4gvqv631095f64jvm7jfj_000000gn/T//ccJ6KNzi.s:96     .text.eclicw_enable:0000000000000088 .LVL8
/var/folders/rt/4gvqv631095f64jvm7jfj_000000gn/T//ccJ6KNzi.s:100    .text.eclicw_enable:0000000000000092 .LVL9
/var/folders/rt/4gvqv631095f64jvm7jfj_000000gn/T//ccJ6KNzi.s:3117   .debug_str:00000000000000d7 .LASF202
/var/folders/rt/4gvqv631095f64jvm7jfj_000000gn/T//ccJ6KNzi.s:3159   .debug_str:00000000000001ca .LASF203
/var/folders/rt/4gvqv631095f64jvm7jfj_000000gn/T//ccJ6KNzi.s:3377   .debug_str:00000000000006ad .LASF204
/var/folders/rt/4gvqv631095f64jvm7jfj_000000gn/T//ccJ6KNzi.s:3243   .debug_str:00000000000003ac .LASF205
/var/folders/rt/4gvqv631095f64jvm7jfj_000000gn/T//ccJ6KNzi.s:3277   .debug_str:0000000000000465 .LASF206
/var/folders/rt/4gvqv631095f64jvm7jfj_000000gn/T//ccJ6KNzi.s:3493   .debug_str:00000000000009aa .LASF207
/var/folders/rt/4gvqv631095f64jvm7jfj_000000gn/T//ccJ6KNzi.s:3305   .debug_str:0000000000000502 .LASF208
/var/folders/rt/4gvqv631095f64jvm7jfj_000000gn/T//ccJ6KNzi.s:3099   .debug_str:0000000000000052 .LASF209
/var/folders/rt/4gvqv631095f64jvm7jfj_000000gn/T//ccJ6KNzi.s:336    .text.TIMER4_IRQHandler:0000000000000002 .LCFI6
/var/folders/rt/4gvqv631095f64jvm7jfj_000000gn/T//ccJ6KNzi.s:414    .text.TIMER4_IRQHandler:0000000000000052 .LCFI7
/var/folders/rt/4gvqv631095f64jvm7jfj_000000gn/T//ccJ6KNzi.s:241    .text.USART0_IRQHandler:0000000000000002 .LCFI4
/var/folders/rt/4gvqv631095f64jvm7jfj_000000gn/T//ccJ6KNzi.s:319    .text.USART0_IRQHandler:0000000000000052 .LCFI5
/var/folders/rt/4gvqv631095f64jvm7jfj_000000gn/T//ccJ6KNzi.s:146    .text.eclic_mtip_handler:0000000000000002 .LCFI2
/var/folders/rt/4gvqv631095f64jvm7jfj_000000gn/T//ccJ6KNzi.s:224    .text.eclic_mtip_handler:0000000000000050 .LCFI3
/var/folders/rt/4gvqv631095f64jvm7jfj_000000gn/T//ccJ6KNzi.s:22     .text.eclicw_enable:0000000000000002 .LCFI0
/var/folders/rt/4gvqv631095f64jvm7jfj_000000gn/T//ccJ6KNzi.s:129    .text.eclicw_enable:00000000000000ae .LCFI1
/var/folders/rt/4gvqv631095f64jvm7jfj_000000gn/T//ccJ6KNzi.s:18     .text.eclicw_enable:0000000000000000 .LVL0
/var/folders/rt/4gvqv631095f64jvm7jfj_000000gn/T//ccJ6KNzi.s:57     .text.eclicw_enable:0000000000000032 .LVL1
/var/folders/rt/4gvqv631095f64jvm7jfj_000000gn/T//ccJ6KNzi.s:105    .text.eclicw_enable:0000000000000098 .LVL10
/var/folders/rt/4gvqv631095f64jvm7jfj_000000gn/T//ccJ6KNzi.s:124    .text.eclicw_enable:00000000000000aa .LVL12
/var/folders/rt/4gvqv631095f64jvm7jfj_000000gn/T//ccJ6KNzi.s:127    .text.eclicw_enable:00000000000000ac .LVL13
/var/folders/rt/4gvqv631095f64jvm7jfj_000000gn/T//ccJ6KNzi.s:121    .text.eclicw_enable:00000000000000a8 .LVL11
/var/folders/rt/4gvqv631095f64jvm7jfj_000000gn/T//ccJ6KNzi.s:448    .debug_info:0000000000000000 .Ldebug_info0

GAS LISTING /var/folders/rt/4gvqv631095f64jvm7jfj_000000gn/T//ccJ6KNzi.s 			page 18


UNDEFINED SYMBOLS
eclic_init
eclic_mode_enable
malloc
eclic_priority_group_set
eclic_clear_pending
eclic_irq_enable
eclic_set_vmode
eclic_enable_interrupt
