GAS LISTING /var/folders/rt/4gvqv631095f64jvm7jfj_000000gn/T//ccamvVNF.s 			page 1


   1              		.file	"ffunicode.c"
   2              		.option nopic
   3              		.attribute arch, "rv32i2p0_m2p0_a2p0_c2p0"
   4              		.attribute unaligned_access, 0
   5              		.attribute stack_align, 16
   6              		.text
   7              	.Ltext0:
   8              		.cfi_sections	.debug_frame
   9              	.Letext0:
GAS LISTING /var/folders/rt/4gvqv631095f64jvm7jfj_000000gn/T//ccamvVNF.s 			page 2


DEFINED SYMBOLS
                            *ABS*:0000000000000000 ffunicode.c
/var/folders/rt/4gvqv631095f64jvm7jfj_000000gn/T//ccamvVNF.s:68     .debug_abbrev:0000000000000000 .Ldebug_abbrev0
/var/folders/rt/4gvqv631095f64jvm7jfj_000000gn/T//ccamvVNF.s:130    .debug_str:0000000000000078 .LASF10
/var/folders/rt/4gvqv631095f64jvm7jfj_000000gn/T//ccamvVNF.s:138    .debug_str:000000000000012e .LASF11
/var/folders/rt/4gvqv631095f64jvm7jfj_000000gn/T//ccamvVNF.s:124    .debug_str:000000000000001f .LASF12
/var/folders/rt/4gvqv631095f64jvm7jfj_000000gn/T//ccamvVNF.s:118    .debug_line:0000000000000000 .Ldebug_line0
/var/folders/rt/4gvqv631095f64jvm7jfj_000000gn/T//ccamvVNF.s:126    .debug_str:0000000000000062 .LASF0
/var/folders/rt/4gvqv631095f64jvm7jfj_000000gn/T//ccamvVNF.s:132    .debug_str:0000000000000100 .LASF1
/var/folders/rt/4gvqv631095f64jvm7jfj_000000gn/T//ccamvVNF.s:128    .debug_str:000000000000006e .LASF2
/var/folders/rt/4gvqv631095f64jvm7jfj_000000gn/T//ccamvVNF.s:142    .debug_str:000000000000014d .LASF3
/var/folders/rt/4gvqv631095f64jvm7jfj_000000gn/T//ccamvVNF.s:134    .debug_str:000000000000010e .LASF4
/var/folders/rt/4gvqv631095f64jvm7jfj_000000gn/T//ccamvVNF.s:122    .debug_str:000000000000000d .LASF5
/var/folders/rt/4gvqv631095f64jvm7jfj_000000gn/T//ccamvVNF.s:144    .debug_str:0000000000000160 .LASF6
/var/folders/rt/4gvqv631095f64jvm7jfj_000000gn/T//ccamvVNF.s:136    .debug_str:0000000000000117 .LASF7
/var/folders/rt/4gvqv631095f64jvm7jfj_000000gn/T//ccamvVNF.s:120    .debug_str:0000000000000000 .LASF8
/var/folders/rt/4gvqv631095f64jvm7jfj_000000gn/T//ccamvVNF.s:140    .debug_str:0000000000000148 .LASF9
/var/folders/rt/4gvqv631095f64jvm7jfj_000000gn/T//ccamvVNF.s:11     .debug_info:0000000000000000 .Ldebug_info0

NO UNDEFINED SYMBOLS
