GAS LISTING /var/folders/rt/4gvqv631095f64jvm7jfj_000000gn/T//cczBR2DB.s 			page 1


   1              		.file	"isatty.c"
   2              		.option nopic
   3              		.attribute arch, "rv32i2p0_m2p0_a2p0_c2p0"
   4              		.attribute unaligned_access, 0
   5              		.attribute stack_align, 16
   6              		.text
   7              	.Ltext0:
   8              		.cfi_sections	.debug_frame
   9              		.section	.text._isatty,"ax",@progbits
  10              		.align	1
  11              		.globl	_isatty
  13              	_isatty:
  14              	.LFB0:
  15              		.file 1 "../../firmware/RISCV/stubs/isatty.c"
   1:../../firmware/RISCV/stubs/isatty.c **** /* See LICENSE of license details. */
   2:../../firmware/RISCV/stubs/isatty.c **** 
   3:../../firmware/RISCV/stubs/isatty.c **** #include <unistd.h>
   4:../../firmware/RISCV/stubs/isatty.c **** 
   5:../../firmware/RISCV/stubs/isatty.c **** int _isatty(int fd)
   6:../../firmware/RISCV/stubs/isatty.c **** {
  16              		.loc 1 6 1
  17              		.cfi_startproc
  18              	.LVL0:
   7:../../firmware/RISCV/stubs/isatty.c ****   if (fd == STDOUT_FILENO || fd == STDERR_FILENO)
  19              		.loc 1 7 3
  20              		.loc 1 7 27 is_stmt 0
  21 0000 7D15     		addi	a0,a0,-1
  22              	.LVL1:
   8:../../firmware/RISCV/stubs/isatty.c ****     return 1;
   9:../../firmware/RISCV/stubs/isatty.c **** 
  10:../../firmware/RISCV/stubs/isatty.c ****   return 0;
  11:../../firmware/RISCV/stubs/isatty.c **** }
  23              		.loc 1 11 1
  24 0002 13352500 		sltiu	a0,a0,2
  25              	.LVL2:
  26 0006 8280     		ret
  27              		.cfi_endproc
  28              	.LFE0:
  30              		.text
  31              	.Letext0:
  32              		.file 2 "/Users/alexstrae/toolchain-gd32v-v202-osx/compiler/riscv64-unknown-elf/include/sys/unistd
GAS LISTING /var/folders/rt/4gvqv631095f64jvm7jfj_000000gn/T//cczBR2DB.s 			page 2


DEFINED SYMBOLS
                            *ABS*:0000000000000000 isatty.c
/var/folders/rt/4gvqv631095f64jvm7jfj_000000gn/T//cczBR2DB.s:13     .text._isatty:0000000000000000 _isatty
/var/folders/rt/4gvqv631095f64jvm7jfj_000000gn/T//cczBR2DB.s:17     .text._isatty:0000000000000000 .L0 
/var/folders/rt/4gvqv631095f64jvm7jfj_000000gn/T//cczBR2DB.s:19     .text._isatty:0000000000000000 .L0 
/var/folders/rt/4gvqv631095f64jvm7jfj_000000gn/T//cczBR2DB.s:20     .text._isatty:0000000000000000 .L0 
/var/folders/rt/4gvqv631095f64jvm7jfj_000000gn/T//cczBR2DB.s:21     .text._isatty:0000000000000000 .L0 
/var/folders/rt/4gvqv631095f64jvm7jfj_000000gn/T//cczBR2DB.s:24     .text._isatty:0000000000000002 .L0 
/var/folders/rt/4gvqv631095f64jvm7jfj_000000gn/T//cczBR2DB.s:27     .text._isatty:0000000000000008 .L0 
/var/folders/rt/4gvqv631095f64jvm7jfj_000000gn/T//cczBR2DB.s:30     .text._isatty:0000000000000008 .L0 
                     .debug_frame:0000000000000000 .L0 
/var/folders/rt/4gvqv631095f64jvm7jfj_000000gn/T//cczBR2DB.s:174    .debug_abbrev:0000000000000000 .Ldebug_abbrev0
/var/folders/rt/4gvqv631095f64jvm7jfj_000000gn/T//cczBR2DB.s:356    .debug_str:0000000000000099 .LASF17
/var/folders/rt/4gvqv631095f64jvm7jfj_000000gn/T//cczBR2DB.s:354    .debug_str:0000000000000075 .LASF18
/var/folders/rt/4gvqv631095f64jvm7jfj_000000gn/T//cczBR2DB.s:358    .debug_str:0000000000000121 .LASF19
/var/folders/rt/4gvqv631095f64jvm7jfj_000000gn/T//cczBR2DB.s:326    .debug_ranges:0000000000000000 .Ldebug_ranges0
/var/folders/rt/4gvqv631095f64jvm7jfj_000000gn/T//cczBR2DB.s:332    .debug_line:0000000000000000 .Ldebug_line0
/var/folders/rt/4gvqv631095f64jvm7jfj_000000gn/T//cczBR2DB.s:374    .debug_str:00000000000001ad .LASF0
/var/folders/rt/4gvqv631095f64jvm7jfj_000000gn/T//cczBR2DB.s:346    .debug_str:0000000000000052 .LASF1
/var/folders/rt/4gvqv631095f64jvm7jfj_000000gn/T//cczBR2DB.s:370    .debug_str:000000000000019b .LASF2
/var/folders/rt/4gvqv631095f64jvm7jfj_000000gn/T//cczBR2DB.s:360    .debug_str:0000000000000164 .LASF3
/var/folders/rt/4gvqv631095f64jvm7jfj_000000gn/T//cczBR2DB.s:350    .debug_str:0000000000000065 .LASF4
/var/folders/rt/4gvqv631095f64jvm7jfj_000000gn/T//cczBR2DB.s:340    .debug_str:0000000000000022 .LASF5
/var/folders/rt/4gvqv631095f64jvm7jfj_000000gn/T//cczBR2DB.s:334    .debug_str:0000000000000000 .LASF6
/var/folders/rt/4gvqv631095f64jvm7jfj_000000gn/T//cczBR2DB.s:342    .debug_str:0000000000000034 .LASF7
/var/folders/rt/4gvqv631095f64jvm7jfj_000000gn/T//cczBR2DB.s:336    .debug_str:000000000000000e .LASF8
/var/folders/rt/4gvqv631095f64jvm7jfj_000000gn/T//cczBR2DB.s:348    .debug_str:0000000000000060 .LASF9
/var/folders/rt/4gvqv631095f64jvm7jfj_000000gn/T//cczBR2DB.s:364    .debug_str:0000000000000180 .LASF10
/var/folders/rt/4gvqv631095f64jvm7jfj_000000gn/T//cczBR2DB.s:372    .debug_str:00000000000001a5 .LASF11
/var/folders/rt/4gvqv631095f64jvm7jfj_000000gn/T//cczBR2DB.s:368    .debug_str:0000000000000194 .LASF12
/var/folders/rt/4gvqv631095f64jvm7jfj_000000gn/T//cczBR2DB.s:338    .debug_str:000000000000001b .LASF13
/var/folders/rt/4gvqv631095f64jvm7jfj_000000gn/T//cczBR2DB.s:344    .debug_str:000000000000004b .LASF14
/var/folders/rt/4gvqv631095f64jvm7jfj_000000gn/T//cczBR2DB.s:352    .debug_str:000000000000006e .LASF15
/var/folders/rt/4gvqv631095f64jvm7jfj_000000gn/T//cczBR2DB.s:362    .debug_str:0000000000000177 .LASF16
/var/folders/rt/4gvqv631095f64jvm7jfj_000000gn/T//cczBR2DB.s:366    .debug_str:000000000000018c .LASF20
/var/folders/rt/4gvqv631095f64jvm7jfj_000000gn/T//cczBR2DB.s:14     .text._isatty:0000000000000000 .LFB0
/var/folders/rt/4gvqv631095f64jvm7jfj_000000gn/T//cczBR2DB.s:28     .text._isatty:0000000000000008 .LFE0
/var/folders/rt/4gvqv631095f64jvm7jfj_000000gn/T//cczBR2DB.s:293    .debug_loc:0000000000000000 .LLST0
/var/folders/rt/4gvqv631095f64jvm7jfj_000000gn/T//cczBR2DB.s:18     .text._isatty:0000000000000000 .LVL0
/var/folders/rt/4gvqv631095f64jvm7jfj_000000gn/T//cczBR2DB.s:22     .text._isatty:0000000000000002 .LVL1
/var/folders/rt/4gvqv631095f64jvm7jfj_000000gn/T//cczBR2DB.s:25     .text._isatty:0000000000000006 .LVL2
/var/folders/rt/4gvqv631095f64jvm7jfj_000000gn/T//cczBR2DB.s:34     .debug_info:0000000000000000 .Ldebug_info0

NO UNDEFINED SYMBOLS
