GAS LISTING /var/folders/rt/4gvqv631095f64jvm7jfj_000000gn/T//ccvxfqKp.s 			page 1


   1              		.file	"write.c"
   2              		.option nopic
   3              		.attribute arch, "rv32i2p0_m2p0_a2p0_c2p0"
   4              		.attribute unaligned_access, 0
   5              		.attribute stack_align, 16
   6              		.text
   7              	.Ltext0:
   8              		.cfi_sections	.debug_frame
   9              		.section	.text._put_char,"ax",@progbits
  10              		.align	1
  11              		.weak	_put_char
  13              	_put_char:
  14              	.LFB4:
  15              		.file 1 "../../firmware/RISCV/stubs/write.c"
   1:../../firmware/RISCV/stubs/write.c **** /* See LICENSE of license details. */
   2:../../firmware/RISCV/stubs/write.c **** 
   3:../../firmware/RISCV/stubs/write.c **** #include <stdint.h>
   4:../../firmware/RISCV/stubs/write.c **** #include <string.h>
   5:../../firmware/RISCV/stubs/write.c **** #include <errno.h>
   6:../../firmware/RISCV/stubs/write.c **** #include <gd32vf103.h>
   7:../../firmware/RISCV/stubs/write.c **** 
   8:../../firmware/RISCV/stubs/write.c **** #if   defined (__GNUC__)
   9:../../firmware/RISCV/stubs/write.c **** #include <unistd.h>
  10:../../firmware/RISCV/stubs/write.c **** #include <sys/types.h>
  11:../../firmware/RISCV/stubs/write.c **** #endif
  12:../../firmware/RISCV/stubs/write.c **** 
  13:../../firmware/RISCV/stubs/write.c **** #include "stub.h"
  14:../../firmware/RISCV/stubs/write.c **** #include "gd32vf103.h"
  15:../../firmware/RISCV/stubs/write.c **** 
  16:../../firmware/RISCV/stubs/write.c **** //typedef unsigned int size_t;
  17:../../firmware/RISCV/stubs/write.c **** extern int _put_char(int ch) __attribute__((weak));
  18:../../firmware/RISCV/stubs/write.c **** 
  19:../../firmware/RISCV/stubs/write.c **** #if   defined (__ICCRISCV__)
  20:../../firmware/RISCV/stubs/write.c **** size_t __write(int handle, const unsigned char *buf, size_t bufSize)
  21:../../firmware/RISCV/stubs/write.c **** {
  22:../../firmware/RISCV/stubs/write.c ****   size_t nChars = 0;
  23:../../firmware/RISCV/stubs/write.c ****   
  24:../../firmware/RISCV/stubs/write.c ****   if (handle == -1)
  25:../../firmware/RISCV/stubs/write.c ****   {
  26:../../firmware/RISCV/stubs/write.c ****     return 0;
  27:../../firmware/RISCV/stubs/write.c ****   }
  28:../../firmware/RISCV/stubs/write.c ****   
  29:../../firmware/RISCV/stubs/write.c ****   for (; bufSize > 0; --bufSize)
  30:../../firmware/RISCV/stubs/write.c ****   {
  31:../../firmware/RISCV/stubs/write.c ****     _put_char((uint8_t) *buf);
  32:../../firmware/RISCV/stubs/write.c ****     ++buf;
  33:../../firmware/RISCV/stubs/write.c ****     ++nChars;
  34:../../firmware/RISCV/stubs/write.c ****   }
  35:../../firmware/RISCV/stubs/write.c ****   
  36:../../firmware/RISCV/stubs/write.c ****   return nChars;
  37:../../firmware/RISCV/stubs/write.c ****  }
  38:../../firmware/RISCV/stubs/write.c **** 
  39:../../firmware/RISCV/stubs/write.c **** int puts(const char* string) {
  40:../../firmware/RISCV/stubs/write.c ****     return __write(0, (const void *) string, strlen(string));
  41:../../firmware/RISCV/stubs/write.c **** }
  42:../../firmware/RISCV/stubs/write.c ****  
  43:../../firmware/RISCV/stubs/write.c **** #elif defined ( __GNUC__ )
GAS LISTING /var/folders/rt/4gvqv631095f64jvm7jfj_000000gn/T//ccvxfqKp.s 			page 2


  44:../../firmware/RISCV/stubs/write.c **** /*
  45:../../firmware/RISCV/stubs/write.c **** ssize_t _write(int fd, const void* ptr, size_t len) {
  46:../../firmware/RISCV/stubs/write.c ****     const uint8_t * current = (const uint8_t *) ptr;
  47:../../firmware/RISCV/stubs/write.c ****     {
  48:../../firmware/RISCV/stubs/write.c ****         for (size_t jj = 0; jj < len; jj++) {
  49:../../firmware/RISCV/stubs/write.c ****             _put_char(current[jj]);
  50:../../firmware/RISCV/stubs/write.c **** 
  51:../../firmware/RISCV/stubs/write.c ****             if (current[jj] == '\n') {
  52:../../firmware/RISCV/stubs/write.c ****                 _put_char('\r');
  53:../../firmware/RISCV/stubs/write.c ****             }
  54:../../firmware/RISCV/stubs/write.c ****         }
  55:../../firmware/RISCV/stubs/write.c ****         return len;
  56:../../firmware/RISCV/stubs/write.c ****     }
  57:../../firmware/RISCV/stubs/write.c **** 
  58:../../firmware/RISCV/stubs/write.c ****     return _stub(EBADF);
  59:../../firmware/RISCV/stubs/write.c **** }
  60:../../firmware/RISCV/stubs/write.c **** 
  61:../../firmware/RISCV/stubs/write.c **** int puts(const char* string) {
  62:../../firmware/RISCV/stubs/write.c ****     return _write(0, (const void *) string, strlen(string));
  63:../../firmware/RISCV/stubs/write.c **** }
  64:../../firmware/RISCV/stubs/write.c **** */
  65:../../firmware/RISCV/stubs/write.c **** #endif
  66:../../firmware/RISCV/stubs/write.c **** 
  67:../../firmware/RISCV/stubs/write.c **** int _put_char(int ch)
  68:../../firmware/RISCV/stubs/write.c **** {
  16              		.loc 1 68 1
  17              		.cfi_startproc
  18              	.LVL0:
  69:../../firmware/RISCV/stubs/write.c ****     usart_data_transmit(USART0, (uint8_t) ch );
  19              		.loc 1 69 5
  68:../../firmware/RISCV/stubs/write.c ****     usart_data_transmit(USART0, (uint8_t) ch );
  20              		.loc 1 68 1 is_stmt 0
  21 0000 4111     		addi	sp,sp,-16
  22              	.LCFI0:
  23              		.cfi_def_cfa_offset 16
  24 0002 22C4     		sw	s0,8(sp)
  25              		.cfi_offset 8, -8
  26              		.loc 1 69 5
  27 0004 37440140 		li	s0,1073823744
  68:../../firmware/RISCV/stubs/write.c ****     usart_data_transmit(USART0, (uint8_t) ch );
  28              		.loc 1 68 1
  29 0008 26C2     		sw	s1,4(sp)
  30              		.loc 1 69 5
  31 000a 9375F50F 		andi	a1,a0,0xff
  32              		.cfi_offset 9, -12
  68:../../firmware/RISCV/stubs/write.c ****     usart_data_transmit(USART0, (uint8_t) ch );
  33              		.loc 1 68 1
  34 000e AA84     		mv	s1,a0
  35              		.loc 1 69 5
  36 0010 13050480 		addi	a0,s0,-2048
  37              	.LVL1:
  68:../../firmware/RISCV/stubs/write.c ****     usart_data_transmit(USART0, (uint8_t) ch );
  38              		.loc 1 68 1
  39 0014 06C6     		sw	ra,12(sp)
  40              		.cfi_offset 1, -4
  70:../../firmware/RISCV/stubs/write.c ****     while (usart_flag_get(USART0, USART_FLAG_TBE)== RESET){
  41              		.loc 1 70 12
GAS LISTING /var/folders/rt/4gvqv631095f64jvm7jfj_000000gn/T//ccvxfqKp.s 			page 3


  42 0016 13040480 		addi	s0,s0,-2048
  69:../../firmware/RISCV/stubs/write.c ****     usart_data_transmit(USART0, (uint8_t) ch );
  43              		.loc 1 69 5
  44 001a 97000000 		call	usart_data_transmit
  44      E7800000 
  45              	.LVL2:
  46              		.loc 1 70 5 is_stmt 1
  47              	.L2:
  71:../../firmware/RISCV/stubs/write.c ****     }
  48              		.loc 1 71 5 discriminator 1
  70:../../firmware/RISCV/stubs/write.c ****     while (usart_flag_get(USART0, USART_FLAG_TBE)== RESET){
  49              		.loc 1 70 12 is_stmt 0 discriminator 1
  50 0022 9D45     		li	a1,7
  51 0024 2285     		mv	a0,s0
  52 0026 97000000 		call	usart_flag_get
  52      E7800000 
  53              	.LVL3:
  70:../../firmware/RISCV/stubs/write.c ****     while (usart_flag_get(USART0, USART_FLAG_TBE)== RESET){
  54              		.loc 1 70 11 discriminator 1
  55 002e 75D9     		beq	a0,zero,.L2
  72:../../firmware/RISCV/stubs/write.c **** 
  73:../../firmware/RISCV/stubs/write.c ****     return ch;
  56              		.loc 1 73 5 is_stmt 1
  74:../../firmware/RISCV/stubs/write.c **** }
  57              		.loc 1 74 1 is_stmt 0
  58 0030 B240     		lw	ra,12(sp)
  59              		.cfi_restore 1
  60 0032 2244     		lw	s0,8(sp)
  61              		.cfi_restore 8
  62 0034 2685     		mv	a0,s1
  63 0036 9244     		lw	s1,4(sp)
  64              		.cfi_restore 9
  65              	.LVL4:
  66 0038 4101     		addi	sp,sp,16
  67              	.LCFI1:
  68              		.cfi_def_cfa_offset 0
  69 003a 8280     		jr	ra
  70              		.cfi_endproc
  71              	.LFE4:
  73              		.text
  74              	.Letext0:
  75              		.file 2 "/Users/alexstrae/toolchain-gd32v-v202-osx/compiler/riscv64-unknown-elf/include/machine/_d
  76              		.file 3 "/Users/alexstrae/toolchain-gd32v-v202-osx/compiler/riscv64-unknown-elf/include/sys/_stdin
  77              		.file 4 "/Users/alexstrae/toolchain-gd32v-v202-osx/compiler/lib/gcc/riscv64-unknown-elf/8.3.0/incl
  78              		.file 5 "/Users/alexstrae/toolchain-gd32v-v202-osx/compiler/riscv64-unknown-elf/include/sys/_types
  79              		.file 6 "/Users/alexstrae/toolchain-gd32v-v202-osx/compiler/riscv64-unknown-elf/include/sys/reent.
  80              		.file 7 "/Users/alexstrae/toolchain-gd32v-v202-osx/compiler/riscv64-unknown-elf/include/sys/lock.h
  81              		.file 8 "/Users/alexstrae/toolchain-gd32v-v202-osx/compiler/riscv64-unknown-elf/include/sys/errno.
  82              		.file 9 "../../firmware/GD32VF103_standard_peripheral/system_gd32vf103.h"
  83              		.file 10 "../../firmware/GD32VF103_standard_peripheral/gd32vf103.h"
  84              		.file 11 "../../firmware/GD32VF103_standard_peripheral/Include/gd32vf103_usart.h"
  85              		.file 12 "/Users/alexstrae/toolchain-gd32v-v202-osx/compiler/riscv64-unknown-elf/include/sys/unist
GAS LISTING /var/folders/rt/4gvqv631095f64jvm7jfj_000000gn/T//ccvxfqKp.s 			page 4


DEFINED SYMBOLS
                            *ABS*:0000000000000000 write.c
/var/folders/rt/4gvqv631095f64jvm7jfj_000000gn/T//ccvxfqKp.s:13     .text._put_char:0000000000000000 _put_char
/var/folders/rt/4gvqv631095f64jvm7jfj_000000gn/T//ccvxfqKp.s:17     .text._put_char:0000000000000000 .L0 
/var/folders/rt/4gvqv631095f64jvm7jfj_000000gn/T//ccvxfqKp.s:19     .text._put_char:0000000000000000 .L0 
/var/folders/rt/4gvqv631095f64jvm7jfj_000000gn/T//ccvxfqKp.s:20     .text._put_char:0000000000000000 .L0 
/var/folders/rt/4gvqv631095f64jvm7jfj_000000gn/T//ccvxfqKp.s:21     .text._put_char:0000000000000000 .L0 
/var/folders/rt/4gvqv631095f64jvm7jfj_000000gn/T//ccvxfqKp.s:23     .text._put_char:0000000000000002 .L0 
/var/folders/rt/4gvqv631095f64jvm7jfj_000000gn/T//ccvxfqKp.s:25     .text._put_char:0000000000000004 .L0 
/var/folders/rt/4gvqv631095f64jvm7jfj_000000gn/T//ccvxfqKp.s:27     .text._put_char:0000000000000004 .L0 
/var/folders/rt/4gvqv631095f64jvm7jfj_000000gn/T//ccvxfqKp.s:29     .text._put_char:0000000000000008 .L0 
/var/folders/rt/4gvqv631095f64jvm7jfj_000000gn/T//ccvxfqKp.s:31     .text._put_char:000000000000000a .L0 
/var/folders/rt/4gvqv631095f64jvm7jfj_000000gn/T//ccvxfqKp.s:32     .text._put_char:000000000000000e .L0 
/var/folders/rt/4gvqv631095f64jvm7jfj_000000gn/T//ccvxfqKp.s:34     .text._put_char:000000000000000e .L0 
/var/folders/rt/4gvqv631095f64jvm7jfj_000000gn/T//ccvxfqKp.s:36     .text._put_char:0000000000000010 .L0 
/var/folders/rt/4gvqv631095f64jvm7jfj_000000gn/T//ccvxfqKp.s:39     .text._put_char:0000000000000014 .L0 
/var/folders/rt/4gvqv631095f64jvm7jfj_000000gn/T//ccvxfqKp.s:40     .text._put_char:0000000000000016 .L0 
/var/folders/rt/4gvqv631095f64jvm7jfj_000000gn/T//ccvxfqKp.s:42     .text._put_char:0000000000000016 .L0 
/var/folders/rt/4gvqv631095f64jvm7jfj_000000gn/T//ccvxfqKp.s:44     .text._put_char:000000000000001a .L0 
/var/folders/rt/4gvqv631095f64jvm7jfj_000000gn/T//ccvxfqKp.s:48     .text._put_char:0000000000000022 .L0 
/var/folders/rt/4gvqv631095f64jvm7jfj_000000gn/T//ccvxfqKp.s:49     .text._put_char:0000000000000022 .L0 
/var/folders/rt/4gvqv631095f64jvm7jfj_000000gn/T//ccvxfqKp.s:50     .text._put_char:0000000000000022 .L0 
/var/folders/rt/4gvqv631095f64jvm7jfj_000000gn/T//ccvxfqKp.s:55     .text._put_char:000000000000002e .L0 
/var/folders/rt/4gvqv631095f64jvm7jfj_000000gn/T//ccvxfqKp.s:57     .text._put_char:0000000000000030 .L0 
/var/folders/rt/4gvqv631095f64jvm7jfj_000000gn/T//ccvxfqKp.s:58     .text._put_char:0000000000000030 .L0 
/var/folders/rt/4gvqv631095f64jvm7jfj_000000gn/T//ccvxfqKp.s:59     .text._put_char:0000000000000032 .L0 
/var/folders/rt/4gvqv631095f64jvm7jfj_000000gn/T//ccvxfqKp.s:61     .text._put_char:0000000000000034 .L0 
/var/folders/rt/4gvqv631095f64jvm7jfj_000000gn/T//ccvxfqKp.s:64     .text._put_char:0000000000000038 .L0 
/var/folders/rt/4gvqv631095f64jvm7jfj_000000gn/T//ccvxfqKp.s:68     .text._put_char:000000000000003a .L0 
/var/folders/rt/4gvqv631095f64jvm7jfj_000000gn/T//ccvxfqKp.s:70     .text._put_char:000000000000003c .L0 
/var/folders/rt/4gvqv631095f64jvm7jfj_000000gn/T//ccvxfqKp.s:73     .text._put_char:000000000000003c .L0 
                     .debug_frame:0000000000000000 .L0 
/var/folders/rt/4gvqv631095f64jvm7jfj_000000gn/T//ccvxfqKp.s:47     .text._put_char:0000000000000022 .L2
/var/folders/rt/4gvqv631095f64jvm7jfj_000000gn/T//ccvxfqKp.s:1709   .debug_abbrev:0000000000000000 .Ldebug_abbrev0
/var/folders/rt/4gvqv631095f64jvm7jfj_000000gn/T//ccvxfqKp.s:2553   .debug_str:00000000000004c6 .LASF146
/var/folders/rt/4gvqv631095f64jvm7jfj_000000gn/T//ccvxfqKp.s:2571   .debug_str:00000000000005e3 .LASF147
/var/folders/rt/4gvqv631095f64jvm7jfj_000000gn/T//ccvxfqKp.s:2557   .debug_str:0000000000000557 .LASF148
/var/folders/rt/4gvqv631095f64jvm7jfj_000000gn/T//ccvxfqKp.s:2299   .debug_ranges:0000000000000000 .Ldebug_ranges0
/var/folders/rt/4gvqv631095f64jvm7jfj_000000gn/T//ccvxfqKp.s:2305   .debug_line:0000000000000000 .Ldebug_line0
/var/folders/rt/4gvqv631095f64jvm7jfj_000000gn/T//ccvxfqKp.s:2345   .debug_str:00000000000000db .LASF0
/var/folders/rt/4gvqv631095f64jvm7jfj_000000gn/T//ccvxfqKp.s:2317   .debug_str:0000000000000037 .LASF5
/var/folders/rt/4gvqv631095f64jvm7jfj_000000gn/T//ccvxfqKp.s:2473   .debug_str:0000000000000349 .LASF1
/var/folders/rt/4gvqv631095f64jvm7jfj_000000gn/T//ccvxfqKp.s:2543   .debug_str:000000000000049a .LASF2
/var/folders/rt/4gvqv631095f64jvm7jfj_000000gn/T//ccvxfqKp.s:2559   .debug_str:000000000000059a .LASF3
/var/folders/rt/4gvqv631095f64jvm7jfj_000000gn/T//ccvxfqKp.s:2361   .debug_str:0000000000000131 .LASF4
/var/folders/rt/4gvqv631095f64jvm7jfj_000000gn/T//ccvxfqKp.s:2385   .debug_str:00000000000001a9 .LASF6
/var/folders/rt/4gvqv631095f64jvm7jfj_000000gn/T//ccvxfqKp.s:2407   .debug_str:0000000000000208 .LASF7
/var/folders/rt/4gvqv631095f64jvm7jfj_000000gn/T//ccvxfqKp.s:2371   .debug_str:000000000000015a .LASF8
/var/folders/rt/4gvqv631095f64jvm7jfj_000000gn/T//ccvxfqKp.s:2349   .debug_str:00000000000000ed .LASF9
/var/folders/rt/4gvqv631095f64jvm7jfj_000000gn/T//ccvxfqKp.s:2541   .debug_str:000000000000048d .LASF10
/var/folders/rt/4gvqv631095f64jvm7jfj_000000gn/T//ccvxfqKp.s:2545   .debug_str:00000000000004a4 .LASF11
/var/folders/rt/4gvqv631095f64jvm7jfj_000000gn/T//ccvxfqKp.s:2569   .debug_str:00000000000005da .LASF12
/var/folders/rt/4gvqv631095f64jvm7jfj_000000gn/T//ccvxfqKp.s:2529   .debug_str:0000000000000458 .LASF13
/var/folders/rt/4gvqv631095f64jvm7jfj_000000gn/T//ccvxfqKp.s:2461   .debug_str:000000000000030a .LASF14
/var/folders/rt/4gvqv631095f64jvm7jfj_000000gn/T//ccvxfqKp.s:2341   .debug_str:00000000000000cd .LASF15
/var/folders/rt/4gvqv631095f64jvm7jfj_000000gn/T//ccvxfqKp.s:2527   .debug_str:0000000000000450 .LASF16
/var/folders/rt/4gvqv631095f64jvm7jfj_000000gn/T//ccvxfqKp.s:2581   .debug_str:000000000000062d .LASF17
GAS LISTING /var/folders/rt/4gvqv631095f64jvm7jfj_000000gn/T//ccvxfqKp.s 			page 5


/var/folders/rt/4gvqv631095f64jvm7jfj_000000gn/T//ccvxfqKp.s:2425   .debug_str:0000000000000268 .LASF18
/var/folders/rt/4gvqv631095f64jvm7jfj_000000gn/T//ccvxfqKp.s:2399   .debug_str:00000000000001e1 .LASF19
/var/folders/rt/4gvqv631095f64jvm7jfj_000000gn/T//ccvxfqKp.s:2519   .debug_str:0000000000000430 .LASF20
/var/folders/rt/4gvqv631095f64jvm7jfj_000000gn/T//ccvxfqKp.s:2521   .debug_str:0000000000000438 .LASF21
/var/folders/rt/4gvqv631095f64jvm7jfj_000000gn/T//ccvxfqKp.s:2491   .debug_str:000000000000039f .LASF22
/var/folders/rt/4gvqv631095f64jvm7jfj_000000gn/T//ccvxfqKp.s:2563   .debug_str:00000000000005b2 .LASF23
/var/folders/rt/4gvqv631095f64jvm7jfj_000000gn/T//ccvxfqKp.s:2465   .debug_str:000000000000031b .LASF24
/var/folders/rt/4gvqv631095f64jvm7jfj_000000gn/T//ccvxfqKp.s:2479   .debug_str:0000000000000366 .LASF25
/var/folders/rt/4gvqv631095f64jvm7jfj_000000gn/T//ccvxfqKp.s:2393   .debug_str:00000000000001ce .LASF30
/var/folders/rt/4gvqv631095f64jvm7jfj_000000gn/T//ccvxfqKp.s:2549   .debug_str:00000000000004b3 .LASF26
/var/folders/rt/4gvqv631095f64jvm7jfj_000000gn/T//ccvxfqKp.s:2513   .debug_str:000000000000041b .LASF27
/var/folders/rt/4gvqv631095f64jvm7jfj_000000gn/T//ccvxfqKp.s:2387   .debug_str:00000000000001b4 .LASF28
/var/folders/rt/4gvqv631095f64jvm7jfj_000000gn/T//ccvxfqKp.s:2577   .debug_str:0000000000000622 .LASF29
/var/folders/rt/4gvqv631095f64jvm7jfj_000000gn/T//ccvxfqKp.s:2397   .debug_str:00000000000001dc .LASF31
/var/folders/rt/4gvqv631095f64jvm7jfj_000000gn/T//ccvxfqKp.s:2339   .debug_str:00000000000000c4 .LASF32
/var/folders/rt/4gvqv631095f64jvm7jfj_000000gn/T//ccvxfqKp.s:2595   .debug_str:0000000000000672 .LASF33
/var/folders/rt/4gvqv631095f64jvm7jfj_000000gn/T//ccvxfqKp.s:2351   .debug_str:0000000000000104 .LASF34
/var/folders/rt/4gvqv631095f64jvm7jfj_000000gn/T//ccvxfqKp.s:2607   .debug_str:00000000000006aa .LASF35
/var/folders/rt/4gvqv631095f64jvm7jfj_000000gn/T//ccvxfqKp.s:2453   .debug_str:00000000000002df .LASF36
/var/folders/rt/4gvqv631095f64jvm7jfj_000000gn/T//ccvxfqKp.s:2441   .debug_str:00000000000002a6 .LASF37
/var/folders/rt/4gvqv631095f64jvm7jfj_000000gn/T//ccvxfqKp.s:2525   .debug_str:0000000000000446 .LASF38
/var/folders/rt/4gvqv631095f64jvm7jfj_000000gn/T//ccvxfqKp.s:2481   .debug_str:000000000000036f .LASF39
/var/folders/rt/4gvqv631095f64jvm7jfj_000000gn/T//ccvxfqKp.s:2591   .debug_str:0000000000000658 .LASF40
/var/folders/rt/4gvqv631095f64jvm7jfj_000000gn/T//ccvxfqKp.s:2355   .debug_str:0000000000000113 .LASF41
/var/folders/rt/4gvqv631095f64jvm7jfj_000000gn/T//ccvxfqKp.s:2311   .debug_str:000000000000001c .LASF42
/var/folders/rt/4gvqv631095f64jvm7jfj_000000gn/T//ccvxfqKp.s:2307   .debug_str:0000000000000000 .LASF43
/var/folders/rt/4gvqv631095f64jvm7jfj_000000gn/T//ccvxfqKp.s:2555   .debug_str:000000000000054e .LASF44
/var/folders/rt/4gvqv631095f64jvm7jfj_000000gn/T//ccvxfqKp.s:2365   .debug_str:0000000000000141 .LASF45
/var/folders/rt/4gvqv631095f64jvm7jfj_000000gn/T//ccvxfqKp.s:2455   .debug_str:00000000000002e8 .LASF46
/var/folders/rt/4gvqv631095f64jvm7jfj_000000gn/T//ccvxfqKp.s:2505   .debug_str:00000000000003eb .LASF47
/var/folders/rt/4gvqv631095f64jvm7jfj_000000gn/T//ccvxfqKp.s:2383   .debug_str:00000000000001a4 .LASF48
/var/folders/rt/4gvqv631095f64jvm7jfj_000000gn/T//ccvxfqKp.s:2483   .debug_str:0000000000000379 .LASF49
/var/folders/rt/4gvqv631095f64jvm7jfj_000000gn/T//ccvxfqKp.s:2469   .debug_str:0000000000000333 .LASF50
/var/folders/rt/4gvqv631095f64jvm7jfj_000000gn/T//ccvxfqKp.s:2539   .debug_str:0000000000000487 .LASF51
/var/folders/rt/4gvqv631095f64jvm7jfj_000000gn/T//ccvxfqKp.s:2493   .debug_str:00000000000003aa .LASF52
/var/folders/rt/4gvqv631095f64jvm7jfj_000000gn/T//ccvxfqKp.s:2363   .debug_str:000000000000013a .LASF53
/var/folders/rt/4gvqv631095f64jvm7jfj_000000gn/T//ccvxfqKp.s:2409   .debug_str:000000000000021a .LASF54
/var/folders/rt/4gvqv631095f64jvm7jfj_000000gn/T//ccvxfqKp.s:2329   .debug_str:0000000000000084 .LASF55
/var/folders/rt/4gvqv631095f64jvm7jfj_000000gn/T//ccvxfqKp.s:2357   .debug_str:0000000000000121 .LASF56
/var/folders/rt/4gvqv631095f64jvm7jfj_000000gn/T//ccvxfqKp.s:2395   .debug_str:00000000000001d6 .LASF57
/var/folders/rt/4gvqv631095f64jvm7jfj_000000gn/T//ccvxfqKp.s:2439   .debug_str:000000000000029f .LASF58
/var/folders/rt/4gvqv631095f64jvm7jfj_000000gn/T//ccvxfqKp.s:2523   .debug_str:0000000000000440 .LASF59
/var/folders/rt/4gvqv631095f64jvm7jfj_000000gn/T//ccvxfqKp.s:2343   .debug_str:00000000000000d4 .LASF60
/var/folders/rt/4gvqv631095f64jvm7jfj_000000gn/T//ccvxfqKp.s:2347   .debug_str:00000000000000e7 .LASF61
/var/folders/rt/4gvqv631095f64jvm7jfj_000000gn/T//ccvxfqKp.s:2587   .debug_str:000000000000064a .LASF62
/var/folders/rt/4gvqv631095f64jvm7jfj_000000gn/T//ccvxfqKp.s:2535   .debug_str:0000000000000470 .LASF63
/var/folders/rt/4gvqv631095f64jvm7jfj_000000gn/T//ccvxfqKp.s:2377   .debug_str:000000000000017d .LASF64
/var/folders/rt/4gvqv631095f64jvm7jfj_000000gn/T//ccvxfqKp.s:2411   .debug_str:0000000000000220 .LASF65
/var/folders/rt/4gvqv631095f64jvm7jfj_000000gn/T//ccvxfqKp.s:2433   .debug_str:000000000000028a .LASF66
/var/folders/rt/4gvqv631095f64jvm7jfj_000000gn/T//ccvxfqKp.s:2497   .debug_str:00000000000003bc .LASF67
/var/folders/rt/4gvqv631095f64jvm7jfj_000000gn/T//ccvxfqKp.s:2485   .debug_str:0000000000000380 .LASF68
/var/folders/rt/4gvqv631095f64jvm7jfj_000000gn/T//ccvxfqKp.s:2515   .debug_str:0000000000000423 .LASF69
/var/folders/rt/4gvqv631095f64jvm7jfj_000000gn/T//ccvxfqKp.s:2531   .debug_str:0000000000000464 .LASF70
/var/folders/rt/4gvqv631095f64jvm7jfj_000000gn/T//ccvxfqKp.s:2367   .debug_str:0000000000000149 .LASF71
/var/folders/rt/4gvqv631095f64jvm7jfj_000000gn/T//ccvxfqKp.s:2403   .debug_str:00000000000001f8 .LASF72
/var/folders/rt/4gvqv631095f64jvm7jfj_000000gn/T//ccvxfqKp.s:2391   .debug_str:00000000000001c6 .LASF73
/var/folders/rt/4gvqv631095f64jvm7jfj_000000gn/T//ccvxfqKp.s:2503   .debug_str:00000000000003e6 .LASF74
GAS LISTING /var/folders/rt/4gvqv631095f64jvm7jfj_000000gn/T//ccvxfqKp.s 			page 6


/var/folders/rt/4gvqv631095f64jvm7jfj_000000gn/T//ccvxfqKp.s:2315   .debug_str:000000000000002c .LASF75
/var/folders/rt/4gvqv631095f64jvm7jfj_000000gn/T//ccvxfqKp.s:2511   .debug_str:0000000000000402 .LASF76
/var/folders/rt/4gvqv631095f64jvm7jfj_000000gn/T//ccvxfqKp.s:2507   .debug_str:00000000000003f0 .LASF77
/var/folders/rt/4gvqv631095f64jvm7jfj_000000gn/T//ccvxfqKp.s:2457   .debug_str:00000000000002f0 .LASF78
/var/folders/rt/4gvqv631095f64jvm7jfj_000000gn/T//ccvxfqKp.s:2509   .debug_str:00000000000003f8 .LASF79
/var/folders/rt/4gvqv631095f64jvm7jfj_000000gn/T//ccvxfqKp.s:2423   .debug_str:0000000000000260 .LASF80
/var/folders/rt/4gvqv631095f64jvm7jfj_000000gn/T//ccvxfqKp.s:2369   .debug_str:0000000000000150 .LASF81
/var/folders/rt/4gvqv631095f64jvm7jfj_000000gn/T//ccvxfqKp.s:2603   .debug_str:0000000000000695 .LASF82
/var/folders/rt/4gvqv631095f64jvm7jfj_000000gn/T//ccvxfqKp.s:2463   .debug_str:0000000000000311 .LASF83
/var/folders/rt/4gvqv631095f64jvm7jfj_000000gn/T//ccvxfqKp.s:2405   .debug_str:0000000000000200 .LASF84
/var/folders/rt/4gvqv631095f64jvm7jfj_000000gn/T//ccvxfqKp.s:2375   .debug_str:0000000000000175 .LASF85
/var/folders/rt/4gvqv631095f64jvm7jfj_000000gn/T//ccvxfqKp.s:2429   .debug_str:0000000000000276 .LASF86
/var/folders/rt/4gvqv631095f64jvm7jfj_000000gn/T//ccvxfqKp.s:2319   .debug_str:0000000000000041 .LASF87
/var/folders/rt/4gvqv631095f64jvm7jfj_000000gn/T//ccvxfqKp.s:2585   .debug_str:0000000000000640 .LASF88
/var/folders/rt/4gvqv631095f64jvm7jfj_000000gn/T//ccvxfqKp.s:2359   .debug_str:0000000000000129 .LASF89
/var/folders/rt/4gvqv631095f64jvm7jfj_000000gn/T//ccvxfqKp.s:2353   .debug_str:000000000000010e .LASF90
/var/folders/rt/4gvqv631095f64jvm7jfj_000000gn/T//ccvxfqKp.s:2533   .debug_str:000000000000046b .LASF91
/var/folders/rt/4gvqv631095f64jvm7jfj_000000gn/T//ccvxfqKp.s:2489   .debug_str:0000000000000398 .LASF92
/var/folders/rt/4gvqv631095f64jvm7jfj_000000gn/T//ccvxfqKp.s:2579   .debug_str:0000000000000627 .LASF93
/var/folders/rt/4gvqv631095f64jvm7jfj_000000gn/T//ccvxfqKp.s:2413   .debug_str:0000000000000226 .LASF94
/var/folders/rt/4gvqv631095f64jvm7jfj_000000gn/T//ccvxfqKp.s:2475   .debug_str:0000000000000357 .LASF95
/var/folders/rt/4gvqv631095f64jvm7jfj_000000gn/T//ccvxfqKp.s:2313   .debug_str:0000000000000024 .LASF96
/var/folders/rt/4gvqv631095f64jvm7jfj_000000gn/T//ccvxfqKp.s:2517   .debug_str:000000000000042a .LASF97
/var/folders/rt/4gvqv631095f64jvm7jfj_000000gn/T//ccvxfqKp.s:2435   .debug_str:0000000000000290 .LASF98
/var/folders/rt/4gvqv631095f64jvm7jfj_000000gn/T//ccvxfqKp.s:2561   .debug_str:00000000000005ad .LASF99
/var/folders/rt/4gvqv631095f64jvm7jfj_000000gn/T//ccvxfqKp.s:2573   .debug_str:0000000000000606 .LASF100
/var/folders/rt/4gvqv631095f64jvm7jfj_000000gn/T//ccvxfqKp.s:2551   .debug_str:00000000000004b9 .LASF101
/var/folders/rt/4gvqv631095f64jvm7jfj_000000gn/T//ccvxfqKp.s:2419   .debug_str:0000000000000244 .LASF102
/var/folders/rt/4gvqv631095f64jvm7jfj_000000gn/T//ccvxfqKp.s:2593   .debug_str:0000000000000663 .LASF103
/var/folders/rt/4gvqv631095f64jvm7jfj_000000gn/T//ccvxfqKp.s:2459   .debug_str:00000000000002fb .LASF104
/var/folders/rt/4gvqv631095f64jvm7jfj_000000gn/T//ccvxfqKp.s:2415   .debug_str:000000000000022d .LASF105
/var/folders/rt/4gvqv631095f64jvm7jfj_000000gn/T//ccvxfqKp.s:2597   .debug_str:000000000000067b .LASF106
/var/folders/rt/4gvqv631095f64jvm7jfj_000000gn/T//ccvxfqKp.s:2501   .debug_str:00000000000003d9 .LASF107
/var/folders/rt/4gvqv631095f64jvm7jfj_000000gn/T//ccvxfqKp.s:2601   .debug_str:0000000000000687 .LASF108
/var/folders/rt/4gvqv631095f64jvm7jfj_000000gn/T//ccvxfqKp.s:2337   .debug_str:00000000000000b6 .LASF109
/var/folders/rt/4gvqv631095f64jvm7jfj_000000gn/T//ccvxfqKp.s:2583   .debug_str:0000000000000636 .LASF110
/var/folders/rt/4gvqv631095f64jvm7jfj_000000gn/T//ccvxfqKp.s:2417   .debug_str:0000000000000238 .LASF111
/var/folders/rt/4gvqv631095f64jvm7jfj_000000gn/T//ccvxfqKp.s:2565   .debug_str:00000000000005ba .LASF112
/var/folders/rt/4gvqv631095f64jvm7jfj_000000gn/T//ccvxfqKp.s:2381   .debug_str:0000000000000196 .LASF113
/var/folders/rt/4gvqv631095f64jvm7jfj_000000gn/T//ccvxfqKp.s:2335   .debug_str:00000000000000a7 .LASF114
/var/folders/rt/4gvqv631095f64jvm7jfj_000000gn/T//ccvxfqKp.s:2379   .debug_str:0000000000000185 .LASF115
/var/folders/rt/4gvqv631095f64jvm7jfj_000000gn/T//ccvxfqKp.s:2321   .debug_str:000000000000004a .LASF116
/var/folders/rt/4gvqv631095f64jvm7jfj_000000gn/T//ccvxfqKp.s:2323   .debug_str:0000000000000059 .LASF117
/var/folders/rt/4gvqv631095f64jvm7jfj_000000gn/T//ccvxfqKp.s:2477   .debug_str:000000000000035d .LASF118
/var/folders/rt/4gvqv631095f64jvm7jfj_000000gn/T//ccvxfqKp.s:2451   .debug_str:00000000000002d8 .LASF119
/var/folders/rt/4gvqv631095f64jvm7jfj_000000gn/T//ccvxfqKp.s:2443   .debug_str:00000000000002b0 .LASF120
/var/folders/rt/4gvqv631095f64jvm7jfj_000000gn/T//ccvxfqKp.s:2589   .debug_str:0000000000000650 .LASF121
/var/folders/rt/4gvqv631095f64jvm7jfj_000000gn/T//ccvxfqKp.s:2331   .debug_str:000000000000008d .LASF149
/var/folders/rt/4gvqv631095f64jvm7jfj_000000gn/T//ccvxfqKp.s:2389   .debug_str:00000000000001ba .LASF122
/var/folders/rt/4gvqv631095f64jvm7jfj_000000gn/T//ccvxfqKp.s:2567   .debug_str:00000000000005c7 .LASF123
/var/folders/rt/4gvqv631095f64jvm7jfj_000000gn/T//ccvxfqKp.s:2373   .debug_str:0000000000000168 .LASF124
/var/folders/rt/4gvqv631095f64jvm7jfj_000000gn/T//ccvxfqKp.s:2495   .debug_str:00000000000003b2 .LASF125
/var/folders/rt/4gvqv631095f64jvm7jfj_000000gn/T//ccvxfqKp.s:2401   .debug_str:00000000000001e8 .LASF126
/var/folders/rt/4gvqv631095f64jvm7jfj_000000gn/T//ccvxfqKp.s:2467   .debug_str:000000000000032d .LASF127
/var/folders/rt/4gvqv631095f64jvm7jfj_000000gn/T//ccvxfqKp.s:2333   .debug_str:0000000000000098 .LASF128
/var/folders/rt/4gvqv631095f64jvm7jfj_000000gn/T//ccvxfqKp.s:2575   .debug_str:0000000000000613 .LASF129
/var/folders/rt/4gvqv631095f64jvm7jfj_000000gn/T//ccvxfqKp.s:2431   .debug_str:000000000000027b .LASF130
GAS LISTING /var/folders/rt/4gvqv631095f64jvm7jfj_000000gn/T//ccvxfqKp.s 			page 7


/var/folders/rt/4gvqv631095f64jvm7jfj_000000gn/T//ccvxfqKp.s:2537   .debug_str:0000000000000479 .LASF131
/var/folders/rt/4gvqv631095f64jvm7jfj_000000gn/T//ccvxfqKp.s:2471   .debug_str:0000000000000339 .LASF132
/var/folders/rt/4gvqv631095f64jvm7jfj_000000gn/T//ccvxfqKp.s:2309   .debug_str:000000000000000c .LASF133
/var/folders/rt/4gvqv631095f64jvm7jfj_000000gn/T//ccvxfqKp.s:2447   .debug_str:00000000000002c0 .LASF134
/var/folders/rt/4gvqv631095f64jvm7jfj_000000gn/T//ccvxfqKp.s:2327   .debug_str:0000000000000074 .LASF135
/var/folders/rt/4gvqv631095f64jvm7jfj_000000gn/T//ccvxfqKp.s:2605   .debug_str:000000000000069a .LASF136
/var/folders/rt/4gvqv631095f64jvm7jfj_000000gn/T//ccvxfqKp.s:2487   .debug_str:0000000000000388 .LASF137
/var/folders/rt/4gvqv631095f64jvm7jfj_000000gn/T//ccvxfqKp.s:2427   .debug_str:000000000000026e .LASF138
/var/folders/rt/4gvqv631095f64jvm7jfj_000000gn/T//ccvxfqKp.s:2445   .debug_str:00000000000002b9 .LASF139
/var/folders/rt/4gvqv631095f64jvm7jfj_000000gn/T//ccvxfqKp.s:2449   .debug_str:00000000000002d1 .LASF140
/var/folders/rt/4gvqv631095f64jvm7jfj_000000gn/T//ccvxfqKp.s:2547   .debug_str:00000000000004ac .LASF141
/var/folders/rt/4gvqv631095f64jvm7jfj_000000gn/T//ccvxfqKp.s:2599   .debug_str:0000000000000680 .LASF142
/var/folders/rt/4gvqv631095f64jvm7jfj_000000gn/T//ccvxfqKp.s:2437   .debug_str:0000000000000296 .LASF143
/var/folders/rt/4gvqv631095f64jvm7jfj_000000gn/T//ccvxfqKp.s:2325   .debug_str:000000000000006a .LASF150
/var/folders/rt/4gvqv631095f64jvm7jfj_000000gn/T//ccvxfqKp.s:14     .text._put_char:0000000000000000 .LFB4
/var/folders/rt/4gvqv631095f64jvm7jfj_000000gn/T//ccvxfqKp.s:71     .text._put_char:000000000000003c .LFE4
/var/folders/rt/4gvqv631095f64jvm7jfj_000000gn/T//ccvxfqKp.s:2253   .debug_loc:0000000000000000 .LLST0
/var/folders/rt/4gvqv631095f64jvm7jfj_000000gn/T//ccvxfqKp.s:2271   .debug_loc:000000000000002c .LLST1
/var/folders/rt/4gvqv631095f64jvm7jfj_000000gn/T//ccvxfqKp.s:45     .text._put_char:0000000000000022 .LVL2
/var/folders/rt/4gvqv631095f64jvm7jfj_000000gn/T//ccvxfqKp.s:53     .text._put_char:000000000000002e .LVL3
/var/folders/rt/4gvqv631095f64jvm7jfj_000000gn/T//ccvxfqKp.s:2499   .debug_str:00000000000003c5 .LASF144
/var/folders/rt/4gvqv631095f64jvm7jfj_000000gn/T//ccvxfqKp.s:2421   .debug_str:0000000000000251 .LASF145
/var/folders/rt/4gvqv631095f64jvm7jfj_000000gn/T//ccvxfqKp.s:22     .text._put_char:0000000000000002 .LCFI0
/var/folders/rt/4gvqv631095f64jvm7jfj_000000gn/T//ccvxfqKp.s:67     .text._put_char:000000000000003a .LCFI1
/var/folders/rt/4gvqv631095f64jvm7jfj_000000gn/T//ccvxfqKp.s:18     .text._put_char:0000000000000000 .LVL0
/var/folders/rt/4gvqv631095f64jvm7jfj_000000gn/T//ccvxfqKp.s:37     .text._put_char:0000000000000014 .LVL1
/var/folders/rt/4gvqv631095f64jvm7jfj_000000gn/T//ccvxfqKp.s:65     .text._put_char:0000000000000038 .LVL4
/var/folders/rt/4gvqv631095f64jvm7jfj_000000gn/T//ccvxfqKp.s:87     .debug_info:0000000000000000 .Ldebug_info0

UNDEFINED SYMBOLS
usart_data_transmit
usart_flag_get
